# JRE version: OpenJDK Runtime Environment Temurin-17.0.7+7 (17.0.7+7) (build 17.0.7+7)
# Java VM: OpenJDK 64-Bit Server VM Temurin-17.0.7+7 (17.0.7+7, mixed mode, tiered, compressed oops, compressed class ptrs, g1 gc, linux-amd64)
GC Precious Log:
 CPUs: 8 total, 8 available
 Memory: 15768M
 Large Page Support: Disabled
 NUMA Support: Disabled
 Compressed Oops: Enabled (Zero based)
 Heap Region Size: 2M
 Heap Min Capacity: 8M
 Heap Initial Capacity: 248M
 Heap Max Capacity: 3944M
 Pre-touch: Disabled
 Parallel Workers: 8
 Concurrent Workers: 2
 Concurrent Refinement Workers: 8
 Periodic GC: Disabled
Heap:
 garbage-first heap   total 81920K, used 30646K [0x0000000709800000, 0x0000000800000000)
  region size 2048K, 5 young (10240K), 3 survivors (6144K)
 Metaspace       used 36279K, committed 36800K, reserved 1114112K
  class space    used 3943K, committed 4160K, reserved 1048576K
GC Heap History (16 events):
Event: 0.499 GC heap before
{Heap before GC invocations=0 (full 0):
 garbage-first heap   total 253952K, used 20480K [0x0000000709800000, 0x0000000800000000)
  region size 2048K, 11 young (22528K), 0 survivors (0K)
 Metaspace       used 16444K, committed 16704K, reserved 1114112K
  class space    used 1676K, committed 1792K, reserved 1048576K
}
Event: 0.503 GC heap after
{Heap after GC invocations=1 (full 0):
 garbage-first heap   total 253952K, used 5549K [0x0000000709800000, 0x0000000800000000)
  region size 2048K, 2 young (4096K), 2 survivors (4096K)
 Metaspace       used 16444K, committed 16704K, reserved 1114112K
  class space    used 1676K, committed 1792K, reserved 1048576K
}
Event: 0.705 GC heap before
{Heap before GC invocations=1 (full 0):
 garbage-first heap   total 253952K, used 19885K [0x0000000709800000, 0x0000000800000000)
  region size 2048K, 11 young (22528K), 2 survivors (4096K)
 Metaspace       used 21282K, committed 21504K, reserved 1114112K
  class space    used 2190K, committed 2304K, reserved 1048576K
}
Event: 0.708 GC heap after
{Heap after GC invocations=2 (full 0):
 garbage-first heap   total 253952K, used 7989K [0x0000000709800000, 0x0000000800000000)
  region size 2048K, 2 young (4096K), 2 survivors (4096K)
 Metaspace       used 21282K, committed 21504K, reserved 1114112K
  class space    used 2190K, committed 2304K, reserved 1048576K
}
Event: 0.945 GC heap before
{Heap before GC invocations=3 (full 0):
 garbage-first heap   total 40960K, used 24373K [0x0000000709800000, 0x0000000800000000)
  region size 2048K, 11 young (22528K), 2 survivors (4096K)
 Metaspace       used 24135K, committed 24576K, reserved 1114112K
  class space    used 2490K, committed 2688K, reserved 1048576K
}
Event: 0.949 GC heap after
{Heap after GC invocations=4 (full 0):
 garbage-first heap   total 40960K, used 11662K [0x0000000709800000, 0x0000000800000000)
  region size 2048K, 3 young (6144K), 3 survivors (6144K)
 Metaspace       used 24135K, committed 24576K, reserved 1114112K
  class space    used 2490K, committed 2688K, reserved 1048576K
}
Event: 0.964 GC heap before
{Heap before GC invocations=4 (full 0):
 garbage-first heap   total 40960K, used 13710K [0x0000000709800000, 0x0000000800000000)
  region size 2048K, 4 young (8192K), 3 survivors (6144K)
 Metaspace       used 24348K, committed 24768K, reserved 1114112K
  class space    used 2515K, committed 2688K, reserved 1048576K
}
Event: 0.969 GC heap after
{Heap after GC invocations=5 (full 0):
 garbage-first heap   total 40960K, used 12440K [0x0000000709800000, 0x0000000800000000)
  region size 2048K, 1 young (2048K), 1 survivors (2048K)
 Metaspace       used 24348K, committed 24768K, reserved 1114112K
  class space    used 2515K, committed 2688K, reserved 1048576K
}
Event: 1.041 GC heap before
{Heap before GC invocations=5 (full 0):
 garbage-first heap   total 40960K, used 24728K [0x0000000709800000, 0x0000000800000000)
  region size 2048K, 7 young (14336K), 1 survivors (2048K)
 Metaspace       used 25572K, committed 25984K, reserved 1114112K
  class space    used 2662K, committed 2816K, reserved 1048576K
}
Event: 1.043 GC heap after
{Heap after GC invocations=6 (full 0):
 garbage-first heap   total 40960K, used 14336K [0x0000000709800000, 0x0000000800000000)
  region size 2048K, 1 young (2048K), 1 survivors (2048K)
 Metaspace       used 25572K, committed 25984K, reserved 1114112K
  class space    used 2662K, committed 2816K, reserved 1048576K
}
Event: 1.102 GC heap before
{Heap before GC invocations=6 (full 0):
 garbage-first heap   total 40960K, used 28672K [0x0000000709800000, 0x0000000800000000)
  region size 2048K, 8 young (16384K), 1 survivors (2048K)
 Metaspace       used 25994K, committed 26432K, reserved 1114112K
  class space    used 2686K, committed 2880K, reserved 1048576K
}
Event: 1.104 GC heap after
{Heap after GC invocations=7 (full 0):
 garbage-first heap   total 40960K, used 16385K [0x0000000709800000, 0x0000000800000000)
  region size 2048K, 1 young (2048K), 1 survivors (2048K)
 Metaspace       used 25994K, committed 26432K, reserved 1114112K
  class space    used 2686K, committed 2880K, reserved 1048576K
}
Event: 1.194 GC heap before
{Heap before GC invocations=7 (full 0):
 garbage-first heap   total 40960K, used 26625K [0x0000000709800000, 0x0000000800000000)
  region size 2048K, 6 young (12288K), 1 survivors (2048K)
 Metaspace       used 26600K, committed 27008K, reserved 1114112K
  class space    used 2808K, committed 3008K, reserved 1048576K
}
Event: 1.197 GC heap after
{Heap after GC invocations=8 (full 0):
 garbage-first heap   total 147456K, used 18295K [0x0000000709800000, 0x0000000800000000)
  region size 2048K, 1 young (2048K), 1 survivors (2048K)
 Metaspace       used 26600K, committed 27008K, reserved 1114112K
  class space    used 2808K, committed 3008K, reserved 1048576K
}
Event: 5.247 GC heap before
{Heap before GC invocations=8 (full 0):
 garbage-first heap   total 147456K, used 49015K [0x0000000709800000, 0x0000000800000000)
  region size 2048K, 18 young (36864K), 1 survivors (2048K)
 Metaspace       used 35602K, committed 36096K, reserved 1114112K
  class space    used 3882K, committed 4096K, reserved 1048576K
}
Event: 5.251 GC heap after
{Heap after GC invocations=9 (full 0):
 garbage-first heap   total 147456K, used 22454K [0x0000000709800000, 0x0000000800000000)
  region size 2048K, 3 young (6144K), 3 survivors (6144K)
 Metaspace       used 35602K, committed 36096K, reserved 1114112K
  class space    used 3882K, committed 4096K, reserved 1048576K
}

