# JRE version: OpenJDK Runtime Environment Temurin-17.0.7+7 (17.0.7+7) (build 17.0.7+7)
# Java VM: OpenJDK 64-Bit Server VM Temurin-17.0.7+7 (17.0.7+7, mixed mode, tiered, compressed oops, compressed class ptrs, g1 gc, linux-amd64)
GC Precious Log:
 CPUs: 8 total, 8 available
 Memory: 15768M
 Large Page Support: Disabled
 NUMA Support: Disabled
 Compressed Oops: Enabled (Zero based)
 Heap Region Size: 2M
 Heap Min Capacity: 8M
 Heap Initial Capacity: 248M
 Heap Max Capacity: 3944M
 Pre-touch: Disabled
 Parallel Workers: 8
 Concurrent Workers: 2
 Concurrent Refinement Workers: 8
 Periodic GC: Disabled
Heap:
 garbage-first heap   total 96256K, used 32536K [0x0000000709800000, 0x0000000800000000)
  region size 2048K, 6 young (12288K), 3 survivors (6144K)
 Metaspace       used 36258K, committed 36736K, reserved 1114112K
  class space    used 3945K, committed 4160K, reserved 1048576K
GC Heap History (16 events):
Event: 0.520 GC heap before
{Heap before GC invocations=0 (full 0):
 garbage-first heap   total 253952K, used 20480K [0x0000000709800000, 0x0000000800000000)
  region size 2048K, 11 young (22528K), 0 survivors (0K)
 Metaspace       used 16431K, committed 16704K, reserved 1114112K
  class space    used 1675K, committed 1792K, reserved 1048576K
}
Event: 0.524 GC heap after
{Heap after GC invocations=1 (full 0):
 garbage-first heap   total 253952K, used 5458K [0x0000000709800000, 0x0000000800000000)
  region size 2048K, 2 young (4096K), 2 survivors (4096K)
 Metaspace       used 16431K, committed 16704K, reserved 1114112K
  class space    used 1675K, committed 1792K, reserved 1048576K
}
Event: 0.729 GC heap before
{Heap before GC invocations=1 (full 0):
 garbage-first heap   total 253952K, used 17746K [0x0000000709800000, 0x0000000800000000)
  region size 2048K, 10 young (20480K), 2 survivors (4096K)
 Metaspace       used 21200K, committed 21504K, reserved 1114112K
  class space    used 2184K, committed 2368K, reserved 1048576K
}
Event: 0.732 GC heap after
{Heap after GC invocations=2 (full 0):
 garbage-first heap   total 253952K, used 8320K [0x0000000709800000, 0x0000000800000000)
  region size 2048K, 2 young (4096K), 2 survivors (4096K)
 Metaspace       used 21200K, committed 21504K, reserved 1114112K
  class space    used 2184K, committed 2368K, reserved 1048576K
}
Event: 0.972 GC heap before
{Heap before GC invocations=3 (full 0):
 garbage-first heap   total 40960K, used 24704K [0x0000000709800000, 0x0000000800000000)
  region size 2048K, 11 young (22528K), 2 survivors (4096K)
 Metaspace       used 24099K, committed 24448K, reserved 1114112K
  class space    used 2485K, committed 2624K, reserved 1048576K
}
Event: 0.976 GC heap after
{Heap after GC invocations=4 (full 0):
 garbage-first heap   total 40960K, used 12033K [0x0000000709800000, 0x0000000800000000)
  region size 2048K, 3 young (6144K), 3 survivors (6144K)
 Metaspace       used 24099K, committed 24448K, reserved 1114112K
  class space    used 2485K, committed 2624K, reserved 1048576K
}
Event: 1.078 GC heap before
{Heap before GC invocations=4 (full 0):
 garbage-first heap   total 40960K, used 26369K [0x0000000709800000, 0x0000000800000000)
  region size 2048K, 10 young (20480K), 3 survivors (6144K)
 Metaspace       used 25531K, committed 25920K, reserved 1114112K
  class space    used 2662K, committed 2816K, reserved 1048576K
}
Event: 1.082 GC heap after
{Heap after GC invocations=5 (full 0):
 garbage-first heap   total 40960K, used 14620K [0x0000000709800000, 0x0000000800000000)
  region size 2048K, 2 young (4096K), 2 survivors (4096K)
 Metaspace       used 25531K, committed 25920K, reserved 1114112K
  class space    used 2662K, committed 2816K, reserved 1048576K
}
Event: 1.129 GC heap before
{Heap before GC invocations=5 (full 0):
 garbage-first heap   total 40960K, used 26908K [0x0000000709800000, 0x0000000800000000)
  region size 2048K, 8 young (16384K), 2 survivors (4096K)
 Metaspace       used 25972K, committed 26368K, reserved 1114112K
  class space    used 2688K, committed 2880K, reserved 1048576K
}
Event: 1.131 GC heap after
{Heap after GC invocations=6 (full 0):
 garbage-first heap   total 40960K, used 15651K [0x0000000709800000, 0x0000000800000000)
  region size 2048K, 1 young (2048K), 1 survivors (2048K)
 Metaspace       used 25972K, committed 26368K, reserved 1114112K
  class space    used 2688K, committed 2880K, reserved 1048576K
}
Event: 1.210 GC heap before
{Heap before GC invocations=6 (full 0):
 garbage-first heap   total 40960K, used 27939K [0x0000000709800000, 0x0000000800000000)
  region size 2048K, 7 young (14336K), 1 survivors (2048K)
 Metaspace       used 26570K, committed 27008K, reserved 1114112K
  class space    used 2810K, committed 3008K, reserved 1048576K
}
Event: 1.213 GC heap after
{Heap after GC invocations=7 (full 0):
 garbage-first heap   total 40960K, used 17838K [0x0000000709800000, 0x0000000800000000)
  region size 2048K, 1 young (2048K), 1 survivors (2048K)
 Metaspace       used 26570K, committed 27008K, reserved 1114112K
  class space    used 2810K, committed 3008K, reserved 1048576K
}
Event: 1.335 GC heap before
{Heap before GC invocations=7 (full 0):
 garbage-first heap   total 40960K, used 26030K [0x0000000709800000, 0x0000000800000000)
  region size 2048K, 6 young (12288K), 1 survivors (2048K)
 Metaspace       used 28884K, committed 29312K, reserved 1114112K
  class space    used 3054K, committed 3264K, reserved 1048576K
}
Event: 1.338 GC heap after
{Heap after GC invocations=8 (full 0):
 garbage-first heap   total 147456K, used 20058K [0x0000000709800000, 0x0000000800000000)
  region size 2048K, 1 young (2048K), 1 survivors (2048K)
 Metaspace       used 28884K, committed 29312K, reserved 1114112K
  class space    used 3054K, committed 3264K, reserved 1048576K
}
Event: 5.417 GC heap before
{Heap before GC invocations=8 (full 0):
 garbage-first heap   total 147456K, used 38490K [0x0000000709800000, 0x0000000800000000)
  region size 2048K, 11 young (22528K), 1 survivors (2048K)
 Metaspace       used 35479K, committed 35968K, reserved 1114112K
  class space    used 3861K, committed 4096K, reserved 1048576K
}
Event: 5.420 GC heap after
{Heap after GC invocations=9 (full 0):
 garbage-first heap   total 147456K, used 22296K [0x0000000709800000, 0x0000000800000000)
  region size 2048K, 3 young (6144K), 3 survivors (6144K)
 Metaspace       used 35479K, committed 35968K, reserved 1114112K
  class space    used 3861K, committed 4096K, reserved 1048576K
}

