# JRE version: OpenJDK Runtime Environment Temurin-17.0.7+7 (17.0.7+7) (build 17.0.7+7)
# Java VM: OpenJDK 64-Bit Server VM Temurin-17.0.7+7 (17.0.7+7, mixed mode, tiered, compressed oops, compressed class ptrs, g1 gc, linux-amd64)
GC Precious Log:
 CPUs: 8 total, 8 available
 Memory: 15768M
 Large Page Support: Disabled
 NUMA Support: Disabled
 Compressed Oops: Enabled (Zero based)
 Heap Region Size: 2M
 Heap Min Capacity: 8M
 Heap Initial Capacity: 248M
 Heap Max Capacity: 3944M
 Pre-touch: Disabled
 Parallel Workers: 8
 Concurrent Workers: 2
 Concurrent Refinement Workers: 8
 Periodic GC: Disabled
Heap:
 garbage-first heap   total 90112K, used 30942K [0x0000000709800000, 0x0000000800000000)
  region size 2048K, 7 young (14336K), 4 survivors (8192K)
 Metaspace       used 36271K, committed 36800K, reserved 1114112K
  class space    used 3946K, committed 4160K, reserved 1048576K
GC Heap History (14 events):
Event: 0.504 GC heap before
{Heap before GC invocations=0 (full 0):
 garbage-first heap   total 253952K, used 20480K [0x0000000709800000, 0x0000000800000000)
  region size 2048K, 11 young (22528K), 0 survivors (0K)
 Metaspace       used 16440K, committed 16704K, reserved 1114112K
  class space    used 1676K, committed 1792K, reserved 1048576K
}
Event: 0.508 GC heap after
{Heap after GC invocations=1 (full 0):
 garbage-first heap   total 253952K, used 5600K [0x0000000709800000, 0x0000000800000000)
  region size 2048K, 2 young (4096K), 2 survivors (4096K)
 Metaspace       used 16440K, committed 16704K, reserved 1114112K
  class space    used 1676K, committed 1792K, reserved 1048576K
}
Event: 0.717 GC heap before
{Heap before GC invocations=1 (full 0):
 garbage-first heap   total 253952K, used 17888K [0x0000000709800000, 0x0000000800000000)
  region size 2048K, 10 young (20480K), 2 survivors (4096K)
 Metaspace       used 21207K, committed 21504K, reserved 1114112K
  class space    used 2184K, committed 2368K, reserved 1048576K
}
Event: 0.720 GC heap after
{Heap after GC invocations=2 (full 0):
 garbage-first heap   total 253952K, used 7946K [0x0000000709800000, 0x0000000800000000)
  region size 2048K, 2 young (4096K), 2 survivors (4096K)
 Metaspace       used 21207K, committed 21504K, reserved 1114112K
  class space    used 2184K, committed 2368K, reserved 1048576K
}
Event: 0.932 GC heap before
{Heap before GC invocations=3 (full 0):
 garbage-first heap   total 40960K, used 24330K [0x0000000709800000, 0x0000000800000000)
  region size 2048K, 11 young (22528K), 2 survivors (4096K)
 Metaspace       used 24125K, committed 24512K, reserved 1114112K
  class space    used 2489K, committed 2688K, reserved 1048576K
}
Event: 0.936 GC heap after
{Heap after GC invocations=4 (full 0):
 garbage-first heap   total 40960K, used 11718K [0x0000000709800000, 0x0000000800000000)
  region size 2048K, 3 young (6144K), 3 survivors (6144K)
 Metaspace       used 24125K, committed 24512K, reserved 1114112K
  class space    used 2489K, committed 2688K, reserved 1048576K
}
Event: 0.958 GC heap before
{Heap before GC invocations=4 (full 0):
 garbage-first heap   total 40960K, used 13766K [0x0000000709800000, 0x0000000800000000)
  region size 2048K, 4 young (8192K), 3 survivors (6144K)
 Metaspace       used 24231K, committed 24640K, reserved 1114112K
  class space    used 2513K, committed 2688K, reserved 1048576K
}
Event: 0.962 GC heap after
{Heap after GC invocations=5 (full 0):
 garbage-first heap   total 40960K, used 12275K [0x0000000709800000, 0x0000000800000000)
  region size 2048K, 1 young (2048K), 1 survivors (2048K)
 Metaspace       used 24231K, committed 24640K, reserved 1114112K
  class space    used 2513K, committed 2688K, reserved 1048576K
}
Event: 1.032 GC heap before
{Heap before GC invocations=5 (full 0):
 garbage-first heap   total 40960K, used 24563K [0x0000000709800000, 0x0000000800000000)
  region size 2048K, 7 young (14336K), 1 survivors (2048K)
 Metaspace       used 25548K, committed 25920K, reserved 1114112K
  class space    used 2663K, committed 2816K, reserved 1048576K
}
Event: 1.033 GC heap after
{Heap after GC invocations=6 (full 0):
 garbage-first heap   total 40960K, used 13302K [0x0000000709800000, 0x0000000800000000)
  region size 2048K, 1 young (2048K), 1 survivors (2048K)
 Metaspace       used 25548K, committed 25920K, reserved 1114112K
  class space    used 2663K, committed 2816K, reserved 1048576K
}
Event: 1.077 GC heap before
{Heap before GC invocations=6 (full 0):
 garbage-first heap   total 40960K, used 27638K [0x0000000709800000, 0x0000000800000000)
  region size 2048K, 8 young (16384K), 1 survivors (2048K)
 Metaspace       used 25978K, committed 26368K, reserved 1114112K
  class space    used 2688K, committed 2880K, reserved 1048576K
}
Event: 1.079 GC heap after
{Heap after GC invocations=7 (full 0):
 garbage-first heap   total 147456K, used 14819K [0x0000000709800000, 0x0000000800000000)
  region size 2048K, 1 young (2048K), 1 survivors (2048K)
 Metaspace       used 25978K, committed 26368K, reserved 1114112K
  class space    used 2688K, committed 2880K, reserved 1048576K
}
Event: 5.424 GC heap before
{Heap before GC invocations=7 (full 0):
 garbage-first heap   total 147456K, used 53731K [0x0000000709800000, 0x0000000800000000)
  region size 2048K, 22 young (45056K), 1 survivors (2048K)
 Metaspace       used 35467K, committed 35968K, reserved 1114112K
  class space    used 3862K, committed 4096K, reserved 1048576K
}
Event: 5.428 GC heap after
{Heap after GC invocations=8 (full 0):
 garbage-first heap   total 147456K, used 20702K [0x0000000709800000, 0x0000000800000000)
  region size 2048K, 4 young (8192K), 4 survivors (8192K)
 Metaspace       used 35467K, committed 35968K, reserved 1114112K
  class space    used 3862K, committed 4096K, reserved 1048576K
}

