<?xml version="1.0" encoding="UTF-8"?>
<!-- Generated by org.testng.reporters.JUnitXMLReporter -->
<testsuite ignored="0" hostname="VISAI00215L" failures="0" tests="3" name="Default test" time="6.685" errors="0" timestamp="2023-08-24T18:01:49 IST">
  <testcase classname="v3.Get.api.ListMeasurementIDandDates" name="Notfound" time="2.231"/>
  <testcase classname="v3.Get.api.ListMeasurementIDandDates" name="Unauthorized" time="1.535"/>
  <testcase classname="v3.Get.api.ListMeasurementIDandDates" name="testScanIdListEndpoint" time="2.878"/>
</testsuite> <!-- Default test -->
