<?xml version="1.0" encoding="UTF-8"?>
<!-- Generated by org.testng.reporters.JUnitXMLReporter -->
<testsuite ignored="6" hostname="VISAI00215L" failures="0" tests="0" time="0.011" errors="0" timestamp="2023-09-07T17:34:13 IST">
  <testcase classname="v3.Get.api.GetMeasurementDataById" name="verifyunauthorized" time="0.0">
    <ignored/>
  </testcase> <!-- verifyunauthorized -->
  <testcase classname="v3.Get.api.GetMeasurementDataById" name="verifNotFound" time="0.0">
    <ignored/>
  </testcase> <!-- verifNotFound -->
  <testcase classname="v3.Get.api.GetMeasurementDataById" name="verifylegacyFormate" time="0.0">
    <ignored/>
  </testcase> <!-- verifylegacyFormate -->
  <testcase classname="v3.Get.api.GetMeasurementDataById" name="verifyStandardFormate" time="0.0">
    <ignored/>
  </testcase> <!-- verifyStandardFormate -->
  <testcase classname="v3.Get.api.GetMeasurementDataById" name="assertTheExteranlJsonToResponseBodyAndStatusCode" time="0.0">
    <ignored/>
  </testcase> <!-- assertTheExteranlJsonToResponseBodyAndStatusCode -->
  <testcase classname="v3.Get.api.GetMeasurementDataById" name="verifybadRequest" time="0.0">
    <ignored/>
  </testcase> <!-- verifybadRequest -->
</testsuite>
