<?xml version="1.0" encoding="UTF-8"?>
<!-- Generated by org.testng.reporters.JUnitXMLReporter -->
<testsuite ignored="44" hostname="VISAI00215L" failures="0" tests="5" name="Test" time="13.044" errors="0" timestamp="2023-08-21T16:55:58 IST">
  <testcase classname="v1.Get.api.GetMeasurementDatabyRange" name="assertthedaterange" time="1.656"/>
  <testcase classname="v1.Get.api.GetMeasurementDatabyRange" name="assertTheIdRange" time="1.472"/>
  <testcase classname="v1.Get.api.GetMeasurementDatabyRange" name="invalidRangeValue" time="1.416"/>
  <testcase classname="v1.Get.api.GetMeasurementDatabyRange" name="invalidFromOrToValue" time="5.633"/>
  <testcase classname="v1.Get.api.GetMeasurementDatabyRange" name="Unauthorized" time="2.837"/>
  <testcase classname="v2.Get.api.GetMeasurementDataBySku" name="badRequestWithMultipeScenarious" time="0.0">
    <ignored/>
  </testcase> <!-- badRequestWithMultipeScenarious -->
  <testcase classname="v2.Get.api.GetMeasurementDatabyRange" name="invalidRangeValue" time="0.0">
    <ignored/>
  </testcase> <!-- invalidRangeValue -->
  <testcase classname="v2.Get.api.GetMeasurementDatabyRange" name="assertTheIdRange" time="0.0">
    <ignored/>
  </testcase> <!-- assertTheIdRange -->
  <testcase classname="v3.Get.api.GetMeasurementDatabyRange" name="invalidRangeValue" time="0.0">
    <ignored/>
  </testcase> <!-- invalidRangeValue -->
  <testcase classname="v2.Get.api.LatestMeasurementImage" name="Unauthorized" time="0.0">
    <ignored/>
  </testcase> <!-- Unauthorized -->
  <testcase classname="v1.Get.api.GetMeasurementDataBySku" name="assertTheExteranlJsonToResponseBodyAndStatusCode" time="0.0">
    <ignored/>
  </testcase> <!-- assertTheExteranlJsonToResponseBodyAndStatusCode -->
  <testcase classname="v2.Get.api.LatestMeasurementImage" name="Latestmeasurementimage" time="0.0">
    <ignored/>
  </testcase> <!-- Latestmeasurementimage -->
  <testcase classname="v2.Get.api.GetMeasurementDataBySku" name="assertTheExteranlJsonToResponseBodyAndStatusCode" time="0.0">
    <ignored/>
  </testcase> <!-- assertTheExteranlJsonToResponseBodyAndStatusCode -->
  <testcase classname="v3.Get.api.GetMeasurementDataById" name="verifyStandardFormate" time="0.0">
    <ignored/>
  </testcase> <!-- verifyStandardFormate -->
  <testcase classname="v1.Get.api.GetMeasurementDataBySku" name="unauthorizedWithMultipeScenarious" time="0.0">
    <ignored/>
  </testcase> <!-- unauthorizedWithMultipeScenarious -->
  <testcase classname="v2.Get.api.GetMeasurementDataById" name="unauthorizedWithMultipeScenarious" time="0.0">
    <ignored/>
  </testcase> <!-- unauthorizedWithMultipeScenarious -->
  <testcase classname="v3.Get.api.GetMeasurementDatabyRange" name="invalidFromOrToValue" time="0.0">
    <ignored/>
  </testcase> <!-- invalidFromOrToValue -->
  <testcase classname="v3.Get.api.GetMeasurementDataById" name="unauthorizedWithMultipeScenarious" time="0.0">
    <ignored/>
  </testcase> <!-- unauthorizedWithMultipeScenarious -->
  <testcase classname="v1.Get.api.LatestMeasurementImage" name="Latestmeasurementimage" time="0.0">
    <ignored/>
  </testcase> <!-- Latestmeasurementimage -->
  <testcase classname="v1.Get.api.GetMeasurementDataById" name="assertTheExteranlJsonToResponseBodyAndStatusCode" time="0.0">
    <ignored/>
  </testcase> <!-- assertTheExteranlJsonToResponseBodyAndStatusCode -->
  <testcase classname="v3.Get.api.GenerateNewAccessToken" name="newaccesstoken" time="0.0">
    <ignored/>
  </testcase> <!-- newaccesstoken -->
  <testcase classname="v1.Get.api.GetMeasurementDataById" name="badRequestWithMultipeScenarious" time="0.0">
    <ignored/>
  </testcase> <!-- badRequestWithMultipeScenarious -->
  <testcase classname="v2.Get.api.GetMeasurementDataById" name="assertTheExteranlJsonToResponseBodyAndStatusCode" time="0.0">
    <ignored/>
  </testcase> <!-- assertTheExteranlJsonToResponseBodyAndStatusCode -->
  <testcase classname="v3.Get.api.GetMeasurementDataBySku" name="unauthorizedWithMultipeScenarious" time="0.0">
    <ignored/>
  </testcase> <!-- unauthorizedWithMultipeScenarious -->
  <testcase classname="v1.Get.api.LatestMeasurementImage" name="Unauthorized" time="0.0">
    <ignored/>
  </testcase> <!-- Unauthorized -->
  <testcase classname="v3.Get.api.LatestMeasurementImage" name="Latestmeasurementimage" time="0.0">
    <ignored/>
  </testcase> <!-- Latestmeasurementimage -->
  <testcase classname="v3.Get.api.GenerateNewAccessToken" name="Unauthorized" time="0.0">
    <ignored/>
  </testcase> <!-- Unauthorized -->
  <testcase classname="v3.Get.api.GetMeasurementDatabyRange" name="assertTheIdRange" time="0.0">
    <ignored/>
  </testcase> <!-- assertTheIdRange -->
  <testcase classname="v3.Get.api.GetMeasurementDataBySku" name="badRequestWithMultipeScenarious" time="0.0">
    <ignored/>
  </testcase> <!-- badRequestWithMultipeScenarious -->
  <testcase classname="v3.Get.api.GetMeasurementDataBySku" name="assertTheExteranlJsonToResponseBodyAndStatusCode" time="0.0">
    <ignored/>
  </testcase> <!-- assertTheExteranlJsonToResponseBodyAndStatusCode -->
  <testcase classname="v3.Get.api.GenerateAPIAccessToken" name="accesstokenandrefereshtoken" time="0.0">
    <ignored/>
  </testcase> <!-- accesstokenandrefereshtoken -->
  <testcase classname="v2.Get.api.GetMeasurementDatabyRange" name="Unauthorized" time="0.0">
    <ignored/>
  </testcase> <!-- Unauthorized -->
  <testcase classname="v3.Get.api.GetMeasurementDataBySku" name="verifylegacyFormate" time="0.0">
    <ignored/>
  </testcase> <!-- verifylegacyFormate -->
  <testcase classname="v1.Get.api.GetMeasurementDataById" name="unauthorizedWithMultipeScenarious" time="0.0">
    <ignored/>
  </testcase> <!-- unauthorizedWithMultipeScenarious -->
  <testcase classname="v2.Get.api.GetMeasurementDatabyRange" name="invalidFromOrToValue" time="0.0">
    <ignored/>
  </testcase> <!-- invalidFromOrToValue -->
  <testcase classname="v2.Get.api.GetMeasurementDataBySku" name="unauthorizedWithMultipeScenarious" time="0.0">
    <ignored/>
  </testcase> <!-- unauthorizedWithMultipeScenarious -->
  <testcase classname="v3.Get.api.GetMeasurementDataById" name="verifylegacyFormate" time="0.0">
    <ignored/>
  </testcase> <!-- verifylegacyFormate -->
  <testcase classname="v3.Get.api.GetMeasurementDatabyRange" name="assertthedaterange" time="0.0">
    <ignored/>
  </testcase> <!-- assertthedaterange -->
  <testcase classname="v1.Get.api.GetMeasurementDataBySku" name="badRequestWithMultipeScenarious" time="0.0">
    <ignored/>
  </testcase> <!-- badRequestWithMultipeScenarious -->
  <testcase classname="v2.Get.api.GetMeasurementDataById" name="badRequestWithMultipeScenarious" time="0.0">
    <ignored/>
  </testcase> <!-- badRequestWithMultipeScenarious -->
  <testcase classname="v3.Get.api.DeleteAccessandRefreshToken" name="deletetoken" time="0.0">
    <ignored/>
  </testcase> <!-- deletetoken -->
  <testcase classname="v3.Get.api.LatestMeasurementImage" name="Unauthorized" time="0.0">
    <ignored/>
  </testcase> <!-- Unauthorized -->
  <testcase classname="v3.Get.api.GetMeasurementDataById" name="badRequestWithMultipeScenarious" time="0.0">
    <ignored/>
  </testcase> <!-- badRequestWithMultipeScenarious -->
  <testcase classname="v2.Get.api.GetMeasurementDatabyRange" name="assertthedaterange" time="0.0">
    <ignored/>
  </testcase> <!-- assertthedaterange -->
  <testcase classname="v3.Get.api.GetMeasurementDataBySku" name="verifystandardFormate" time="0.0">
    <ignored/>
  </testcase> <!-- verifystandardFormate -->
  <testcase classname="v3.Get.api.GenerateAPIAccessToken" name="Unauthorized" time="0.0">
    <ignored/>
  </testcase> <!-- Unauthorized -->
  <testcase classname="v3.Get.api.GetMeasurementDatabyRange" name="Unauthorized" time="0.0">
    <ignored/>
  </testcase> <!-- Unauthorized -->
  <testcase classname="v3.Get.api.GetMeasurementDataById" name="assertTheExteranlJsonToResponseBodyAndStatusCode" time="0.0">
    <ignored/>
  </testcase> <!-- assertTheExteranlJsonToResponseBodyAndStatusCode -->
  <testcase classname="v3.Get.api.DeleteAccessandRefreshToken" name="Unauthorized" time="0.0">
    <ignored/>
  </testcase> <!-- Unauthorized -->
</testsuite> <!-- Test -->
