<?xml version="1.0" encoding="UTF-8"?>
<!-- Generated by org.testng.reporters.JUnitXMLReporter -->
<testsuite ignored="0" hostname="VISAI00215L" failures="0" tests="22" name="Test" time="155.898" errors="0" timestamp="2023-08-16T16:23:03 IST">
  <testcase classname="v3.Get.api.GetMeasurementDataBySku" name="assertTheExteranlJsonToResponseBodyAndStatusCode" time="13.695"/>
  <testcase classname="v3.Get.api.GetMeasurementDataBySku" name="verifystandardFormate" time="12.857"/>
  <testcase classname="v3.Get.api.GetMeasurementDataBySku" name="verifylegacyFormate" time="13.721"/>
  <testcase classname="v3.Get.api.GetMeasurementDataBySku" name="unauthorizedWithMultipeScenarious" time="2.648"/>
  <testcase classname="v3.Get.api.GetMeasurementDataBySku" name="badRequestWithMultipeScenarious" time="2.86"/>
  <testcase classname="v1.Get.api.GetMeasurementDataBySku" name="assertTheExteranlJsonToResponseBodyAndStatusCode" time="13.331"/>
  <testcase classname="v1.Get.api.GetMeasurementDataBySku" name="unauthorizedWithMultipeScenarious" time="2.953"/>
  <testcase classname="v1.Get.api.GetMeasurementDataBySku" name="badRequestWithMultipeScenarious" time="2.974"/>
  <testcase classname="v2.Get.api.GetMeasurementDataBySku" name="assertTheExteranlJsonToResponseBodyAndStatusCode" time="13.104"/>
  <testcase classname="v2.Get.api.GetMeasurementDataBySku" name="unauthorizedWithMultipeScenarious" time="2.805"/>
  <testcase classname="v2.Get.api.GetMeasurementDataBySku" name="badRequestWithMultipeScenarious" time="2.868"/>
  <testcase classname="v2.Get.api.GetMeasurementDataById" name="assertTheExteranlJsonToResponseBodyAndStatusCode" time="16.266"/>
  <testcase classname="v2.Get.api.GetMeasurementDataById" name="unauthorizedWithMultipeScenarious" time="2.824"/>
  <testcase classname="v2.Get.api.GetMeasurementDataById" name="badRequestWithMultipeScenarious" time="3.074"/>
  <testcase classname="v1.Get.api.GetMeasurementDataById" name="assertTheExteranlJsonToResponseBodyAndStatusCode" time="17.197"/>
  <testcase classname="v1.Get.api.GetMeasurementDataById" name="unauthorizedWithMultipeScenarious" time="3.018"/>
  <testcase classname="v1.Get.api.GetMeasurementDataById" name="badRequestWithMultipeScenarious" time="3.124"/>
  <testcase classname="v3.Get.api.GetMeasurementDataById" name="verifyStandardFormate" time="2.888"/>
  <testcase classname="v3.Get.api.GetMeasurementDataById" name="verifylegacyFormate" time="3.089"/>
  <testcase classname="v3.Get.api.GetMeasurementDataById" name="assertTheExteranlJsonToResponseBodyAndStatusCode" time="16.148"/>
  <testcase classname="v3.Get.api.GetMeasurementDataById" name="unauthorizedWithMultipeScenarious" time="1.527"/>
  <testcase classname="v3.Get.api.GetMeasurementDataById" name="badRequestWithMultipeScenarious" time="2.871"/>
</testsuite> <!-- Test -->
