<?xml version="1.0" encoding="UTF-8"?>
<!-- Generated by org.testng.reporters.JUnitXMLReporter -->
<testsuite ignored="3" hostname="VISAI00215L" failures="0" tests="8" name="API Tests - GetMeasurementDataBySku" time="29.472" errors="0" timestamp="2023-09-07T18:41:22 IST">
  <testcase classname="v1.Get.api.GetMeasurementDataBySku" name="assertTheExteranlJsonToResponseBodyAndStatusCode" time="4.164"/>
  <testcase classname="v1.Get.api.GetMeasurementDataBySku" name="unauthorizedWithMultipeScenarious" time="3.645"/>
  <testcase classname="v1.Get.api.GetMeasurementDataBySku" name="badRequestWithMultipeScenarious" time="3.595"/>
  <testcase classname="v3.Get.api.GetMeasurementDataBySku" name="assertTheExteranlJsonToResponseBodyAndStatusCode" time="3.227"/>
  <testcase classname="v3.Get.api.GetMeasurementDataBySku" name="verifystandardFormate" time="3.433"/>
  <testcase classname="v3.Get.api.GetMeasurementDataBySku" name="verifylegacyFormate" time="4.007"/>
  <testcase classname="v3.Get.api.GetMeasurementDataBySku" name="unauthorizedWithMultipeScenarious" time="3.048"/>
  <testcase classname="v3.Get.api.GetMeasurementDataBySku" name="badRequestWithMultipeScenarious" time="4.34"/>
  <testcase classname="v2.Get.api.GetMeasurementDataBySku" name="assertTheExteranlJsonToResponseBodyAndStatusCode" time="0.0">
    <ignored/>
  </testcase> <!-- assertTheExteranlJsonToResponseBodyAndStatusCode -->
  <testcase classname="v2.Get.api.GetMeasurementDataBySku" name="badRequestWithMultipeScenarious" time="0.0">
    <ignored/>
  </testcase> <!-- badRequestWithMultipeScenarious -->
  <testcase classname="v2.Get.api.GetMeasurementDataBySku" name="unauthorizedWithMultipeScenarious" time="0.0">
    <ignored/>
  </testcase> <!-- unauthorizedWithMultipeScenarious -->
</testsuite> <!-- API Tests - GetMeasurementDataBySku -->
