<?xml version="1.0" encoding="UTF-8"?>
<!-- Generated by org.testng.reporters.JUnitXMLReporter -->
<testsuite ignored="6" hostname="VISAI00215L" failures="0" tests="13" name="API Tests - Version 2" time="36.737" errors="0" timestamp="2023-08-29T18:35:41 IST">
  <testcase classname="v2.Get.api.GetMeasurementDatabyRange" name="assertthedaterange" time="6.06"/>
  <testcase classname="v2.Get.api.GetMeasurementDatabyRange" name="assertTheIdRange" time="1.553"/>
  <testcase classname="v2.Get.api.GetMeasurementDatabyRange" name="invalidRangeValue" time="1.569"/>
  <testcase classname="v2.Get.api.GetMeasurementDatabyRange" name="invalidFromOrToValue" time="5.789"/>
  <testcase classname="v2.Get.api.GetMeasurementDatabyRange" name="Unauthorized" time="2.906"/>
  <testcase classname="v2.Get.api.LatestMeasurementImage" name="Latestmeasurementimage" time="3.53"/>
  <testcase classname="v2.Get.api.LatestMeasurementImage" name="Unauthorized" time="1.483"/>
  <testcase classname="v2.Get.api.ListMeasurementIDandDates" name="Notfound" time="1.292"/>
  <testcase classname="v2.Get.api.ListMeasurementIDandDates" name="Unauthorized" time="2.132"/>
  <testcase classname="v2.Get.api.ListMeasurementIDandDates" name="testScanIdListEndpoint" time="2.933"/>
  <testcase classname="v2.Get.api.MeasurementImagebyID" name="Unauthorized" time="1.324"/>
  <testcase classname="v2.Get.api.MeasurementImagebyID" name="VeridyTheIdByImage" time="4.502"/>
  <testcase classname="v2.Get.api.MeasurementImagebyID" name="testNoImageFound" time="1.648"/>
  <testcase classname="v2.Get.api.GetMeasurementDataBySku" name="badRequestWithMultipeScenarious" time="0.0">
    <ignored/>
  </testcase> <!-- badRequestWithMultipeScenarious -->
  <testcase classname="v2.Get.api.GetMeasurementDataById" name="badRequestWithMultipeScenarious" time="0.0">
    <ignored/>
  </testcase> <!-- badRequestWithMultipeScenarious -->
  <testcase classname="v2.Get.api.GetMeasurementDataById" name="assertTheExteranlJsonToResponseBodyAndStatusCode" time="0.0">
    <ignored/>
  </testcase> <!-- assertTheExteranlJsonToResponseBodyAndStatusCode -->
  <testcase classname="v2.Get.api.GetMeasurementDataById" name="unauthorizedWithMultipeScenarious" time="0.0">
    <ignored/>
  </testcase> <!-- unauthorizedWithMultipeScenarious -->
  <testcase classname="v2.Get.api.GetMeasurementDataBySku" name="assertTheExteranlJsonToResponseBodyAndStatusCode" time="0.0">
    <ignored/>
  </testcase> <!-- assertTheExteranlJsonToResponseBodyAndStatusCode -->
  <testcase classname="v2.Get.api.GetMeasurementDataBySku" name="unauthorizedWithMultipeScenarious" time="0.0">
    <ignored/>
  </testcase> <!-- unauthorizedWithMultipeScenarious -->
</testsuite> <!-- API Tests - Version 2 -->
