<?xml version="1.0" encoding="UTF-8"?>
<!-- Generated by org.testng.reporters.JUnitXMLReporter -->
<testsuite ignored="0" hostname="VISAI00215L" failures="0" tests="17" name="API Tests - GetMeasurementDataByRange" time="63.083" errors="0" timestamp="2023-10-06T16:16:45 IST">
  <testcase classname="v1.Get.api.GetMeasurementDatabyRange" name="assertthedaterange" time="6.089"/>
  <testcase classname="v1.Get.api.GetMeasurementDatabyRange" name="assertTheIdRange" time="1.796"/>
  <testcase classname="v1.Get.api.GetMeasurementDatabyRange" name="invalidRangeValue" time="1.852"/>
  <testcase classname="v1.Get.api.GetMeasurementDatabyRange" name="invalidFromOrToValue" time="7.249"/>
  <testcase classname="v1.Get.api.GetMeasurementDatabyRange" name="Unauthorized" time="3.145"/>
  <testcase classname="v2.Get.api.GetMeasurementDatabyRange" name="assertthedaterange" time="5.218"/>
  <testcase classname="v2.Get.api.GetMeasurementDatabyRange" name="assertTheIdRange" time="1.883"/>
  <testcase classname="v2.Get.api.GetMeasurementDatabyRange" name="invalidRangeValue" time="1.73"/>
  <testcase classname="v2.Get.api.GetMeasurementDatabyRange" name="invalidFromOrToValue" time="7.142"/>
  <testcase classname="v2.Get.api.GetMeasurementDatabyRange" name="Unauthorized" time="3.302"/>
  <testcase classname="v3.Get.api.GetMeasurementDatabyRange" name="assertthedaterange" time="5.969"/>
  <testcase classname="v3.Get.api.GetMeasurementDatabyRange" name="assertTheIdRange" time="1.722"/>
  <testcase classname="v3.Get.api.GetMeasurementDatabyRange" name="invalidRangeValue" time="1.59"/>
  <testcase classname="v3.Get.api.GetMeasurementDatabyRange" name="invalidFromOrToValue" time="6.994"/>
  <testcase classname="v3.Get.api.GetMeasurementDatabyRange" name="Unauthorized" time="3.587"/>
  <testcase classname="v3.Get.api.GetMeasurementDatabyRange" name="VerifyStandardFormate" time="1.95"/>
  <testcase classname="v3.Get.api.GetMeasurementDatabyRange" name="VerifylegacyFormate" time="1.843"/>
</testsuite> <!-- API Tests - GetMeasurementDataByRange -->
