<?xml version="1.0" encoding="UTF-8"?>
<!-- Generated by org.testng.reporters.JUnitXMLReporter -->
<testsuite ignored="0" hostname="VISAI00215L" failures="0" tests="19" name="API Tests - Version 1" time="67.392" errors="0" timestamp="2023-08-29T18:35:04 IST">
  <testcase classname="v1.Get.api.GetMeasurementDataById" name="assertTheExteranlJsonToResponseBodyAndStatusCode" time="18.479"/>
  <testcase classname="v1.Get.api.GetMeasurementDataById" name="unauthorizedWithMultipeScenarious" time="2.843"/>
  <testcase classname="v1.Get.api.GetMeasurementDataById" name="badRequestWithMultipeScenarious" time="2.864"/>
  <testcase classname="v1.Get.api.GetMeasurementDatabyRange" name="assertthedaterange" time="6.482"/>
  <testcase classname="v1.Get.api.GetMeasurementDatabyRange" name="assertTheIdRange" time="1.902"/>
  <testcase classname="v1.Get.api.GetMeasurementDatabyRange" name="invalidRangeValue" time="1.709"/>
  <testcase classname="v1.Get.api.GetMeasurementDatabyRange" name="invalidFromOrToValue" time="5.817"/>
  <testcase classname="v1.Get.api.GetMeasurementDatabyRange" name="Unauthorized" time="2.819"/>
  <testcase classname="v1.Get.api.GetMeasurementDataBySku" name="assertTheExteranlJsonToResponseBodyAndStatusCode" time="1.568"/>
  <testcase classname="v1.Get.api.GetMeasurementDataBySku" name="unauthorizedWithMultipeScenarious" time="2.824"/>
  <testcase classname="v1.Get.api.GetMeasurementDataBySku" name="badRequestWithMultipeScenarious" time="2.822"/>
  <testcase classname="v1.Get.api.LatestMeasurementImage" name="Latestmeasurementimage" time="3.634"/>
  <testcase classname="v1.Get.api.LatestMeasurementImage" name="Unauthorized" time="1.409"/>
  <testcase classname="v1.Get.api.ListMeasurementIDandDates" name="Notfound" time="1.51"/>
  <testcase classname="v1.Get.api.ListMeasurementIDandDates" name="Unauthorized" time="1.471"/>
  <testcase classname="v1.Get.api.ListMeasurementIDandDates" name="testScanIdListEndpoint" time="3.263"/>
  <testcase classname="v1.Get.api.MeasurementImagebyID" name="Unauthorized" time="1.306"/>
  <testcase classname="v1.Get.api.MeasurementImagebyID" name="VeridyTheIdByImage" time="2.997"/>
  <testcase classname="v1.Get.api.MeasurementImagebyID" name="testNoImageFound" time="1.622"/>
</testsuite> <!-- API Tests - Version 1 -->
