<?xml version="1.0" encoding="UTF-8"?>
<!-- Generated by org.testng.reporters.JUnitXMLReporter -->
<testsuite ignored="2" hostname="VISAI00215L" failures="0" tests="3" name="API Tests - Version 2-Live calibration and Live Measurement" time="4.783" errors="0" timestamp="2023-10-06T16:14:16 IST">
  <testcase classname="v2.Get.api.LiveCalibration" name="badrequest" time="1.392"/>
  <testcase classname="v2.Get.api.LiveCalibration" name="invalidheight" time="1.668"/>
  <testcase classname="v2.Get.api.LiveMeasurement" name="Unauthorized" time="1.718"/>
  <testcase classname="v2.Get.api.LiveCalibration" name="CalibratedSuccessfully" time="0.0">
    <ignored/>
  </testcase> <!-- CalibratedSuccessfully -->
  <testcase classname="v2.Get.api.LiveMeasurement" name="measurements" time="0.0">
    <ignored/>
  </testcase> <!-- measurements -->
</testsuite> <!-- API Tests - Version 2-Live calibration and Live Measurement -->
