<?xml version="1.0" encoding="UTF-8"?>
<!-- Generated by org.testng.reporters.JUnitXMLReporter -->
<testsuite ignored="2" hostname="VISAI00215L" failures="0" tests="3" name="API Tests - Version 1-Live calibration and Live Measurement" time="4.403" errors="0" timestamp="2023-09-07T18:38:56 IST">
  <testcase classname="v1.Get.api.LiveCalibration" name="badrequest" time="1.505"/>
  <testcase classname="v1.Get.api.LiveCalibration" name="invalidheight" time="1.446"/>
  <testcase classname="v1.Get.api.LiveMeasurement" name="Unauthorized" time="1.425"/>
  <testcase classname="v1.Get.api.LiveCalibration" name="CalibratedSuccessfully" time="0.0">
    <ignored/>
  </testcase> <!-- CalibratedSuccessfully -->
  <testcase classname="v1.Get.api.LiveMeasurement" name="measurements" time="0.0">
    <ignored/>
  </testcase> <!-- measurements -->
</testsuite> <!-- API Tests - Version 1-Live calibration and Live Measurement -->
