<?xml version="1.0" encoding="UTF-8"?>
<!-- Generated by org.testng.reporters.JUnitXMLReporter -->
<testsuite ignored="3" hostname="VISAI00215L" failures="0" tests="2" name="API Tests - Version 2-Live calibration and Live Measurement" time="14.734" errors="0" timestamp="2023-09-08T19:33:02 IST">
  <testcase classname="v2.Get.api.LiveCalibration" name="CalibratedSuccessfully" time="5.88"/>
  <testcase classname="v2.Get.api.LiveMeasurement" name="measurements" time="8.851"/>
  <testcase classname="v2.Get.api.LiveCalibration" name="invalidheight" time="0.0">
    <ignored/>
  </testcase> <!-- invalidheight -->
  <testcase classname="v2.Get.api.LiveCalibration" name="badrequest" time="0.0">
    <ignored/>
  </testcase> <!-- badrequest -->
  <testcase classname="v2.Get.api.LiveMeasurement" name="Unauthorized" time="0.0">
    <ignored/>
  </testcase> <!-- Unauthorized -->
</testsuite> <!-- API Tests - Version 2-Live calibration and Live Measurement -->
