<?xml version="1.0" encoding="UTF-8"?>
<!-- Generated by org.testng.reporters.JUnitXMLReporter -->
<testsuite ignored="0" hostname="VISAI00215L" failures="0" tests="9" name="API Tests - ListMeasurementIDandDates" time="38.902" errors="0" timestamp="2023-10-06T16:18:29 IST">
  <testcase classname="v1.Get.api.ListMeasurementIDandDates" name="Notfound" time="1.438"/>
  <testcase classname="v1.Get.api.ListMeasurementIDandDates" name="ScanIdListEndpoint" time="9.831"/>
  <testcase classname="v1.Get.api.ListMeasurementIDandDates" name="Unauthorized" time="1.593"/>
  <testcase classname="v2.Get.api.ListMeasurementIDandDates" name="Notfound" time="1.666"/>
  <testcase classname="v2.Get.api.ListMeasurementIDandDates" name="ScanIdListEndpoint" time="10.047"/>
  <testcase classname="v2.Get.api.ListMeasurementIDandDates" name="Unauthorized" time="1.62"/>
  <testcase classname="v3.Get.api.ListMeasurementIDandDates" name="Notfound" time="1.714"/>
  <testcase classname="v3.Get.api.ListMeasurementIDandDates" name="Unauthorized" time="1.588"/>
  <testcase classname="v3.Get.api.ListMeasurementIDandDates" name="testScanIdListEndpoint" time="9.393"/>
</testsuite> <!-- API Tests - ListMeasurementIDandDates -->
