<?xml version="1.0" encoding="UTF-8"?>
<!-- Generated by org.testng.reporters.JUnitXMLReporter -->
<testsuite ignored="0" hostname="VISAI00215L" failures="0" tests="8" name="API Tests - LatestMeasurementImage" time="18.622" errors="0" timestamp="2023-10-06T16:18:48 IST">
  <testcase classname="v1.Get.api.LatestMeasurementImage" name="Latestmeasurementimage" time="3.803"/>
  <testcase classname="v1.Get.api.LatestMeasurementImage" name="Unauthorized" time="1.721"/>
  <testcase classname="v1.Get.api.LatestMeasurementImage" name="notFound" time="1.476"/>
  <testcase classname="v2.Get.api.LatestMeasurementImage" name="Latestmeasurementimage" time="3.336"/>
  <testcase classname="v2.Get.api.LatestMeasurementImage" name="Unauthorized" time="1.556"/>
  <testcase classname="v2.Get.api.LatestMeasurementImage" name="notFound" time="1.513"/>
  <testcase classname="v3.Get.api.LatestMeasurementImage" name="Latestmeasurementimage" time="3.59"/>
  <testcase classname="v3.Get.api.LatestMeasurementImage" name="Unauthorized" time="1.617"/>
</testsuite> <!-- API Tests - LatestMeasurementImage -->
