<?xml version="1.0" encoding="UTF-8"?>
<!-- Generated by org.testng.reporters.JUnitXMLReporter -->
<testsuite ignored="6" hostname="VISAI00215L" failures="0" tests="6" name="API Tests - GetMeasurementDataById" time="80.525" errors="0" timestamp="2023-09-08T19:34:37 IST">
  <testcase classname="v1.Get.api.GetMeasurementDataById" name="assertJsonfileWithResponseBody" time="34.463"/>
  <testcase classname="v1.Get.api.GetMeasurementDataById" name="verifybadRequest" time="2.968"/>
  <testcase classname="v1.Get.api.GetMeasurementDataById" name="verifyunauthorized" time="2.898"/>
  <testcase classname="v2.Get.api.GetMeasurementDataById" name="assertJsonfileToResponseBody" time="34.563"/>
  <testcase classname="v2.Get.api.GetMeasurementDataById" name="verifybadRequest" time="2.708"/>
  <testcase classname="v2.Get.api.GetMeasurementDataById" name="verifyunauthorized" time="2.912"/>
  <testcase classname="v3.Get.api.GetMeasurementDataById" name="verifNotFound" time="0.0">
    <ignored/>
  </testcase> <!-- verifNotFound -->
  <testcase classname="v3.Get.api.GetMeasurementDataById" name="verifybadRequest" time="0.0">
    <ignored/>
  </testcase> <!-- verifybadRequest -->
  <testcase classname="v3.Get.api.GetMeasurementDataById" name="assertTheExteranlJsonToResponseBodyAndStatusCode" time="0.0">
    <ignored/>
  </testcase> <!-- assertTheExteranlJsonToResponseBodyAndStatusCode -->
  <testcase classname="v3.Get.api.GetMeasurementDataById" name="verifyStandardFormate" time="0.0">
    <ignored/>
  </testcase> <!-- verifyStandardFormate -->
  <testcase classname="v3.Get.api.GetMeasurementDataById" name="verifyunauthorized" time="0.0">
    <ignored/>
  </testcase> <!-- verifyunauthorized -->
  <testcase classname="v3.Get.api.GetMeasurementDataById" name="verifylegacyFormate" time="0.0">
    <ignored/>
  </testcase> <!-- verifylegacyFormate -->
</testsuite> <!-- API Tests - GetMeasurementDataById -->
