<?xml version="1.0" encoding="UTF-8"?>
<!-- Generated by org.testng.reporters.JUnitXMLReporter -->
<testsuite ignored="14" hostname="VISAI00215L" failures="0" tests="27" name="API Tests - Version 3" time="55.497" errors="0" timestamp="2023-08-29T18:36:37 IST">
  <testcase classname="v3.Get.api.GenerateAPIAccessToken" name="Unauthorized" time="1.474"/>
  <testcase classname="v3.Get.api.GenerateAPIAccessToken" name="accesstokenandrefereshtoken" time="1.358"/>
  <testcase classname="v3.Get.api.GetAllMeasurementDatabySKU" name="SkipFailureIsFalse" time="1.449"/>
  <testcase classname="v3.Get.api.GetAllMeasurementDatabySKU" name="SkipFailureIsTrue" time="1.541"/>
  <testcase classname="v3.Get.api.GetAllMeasurementDatabySKU" name="badRequestmultiplescenario" time="1.381"/>
  <testcase classname="v3.Get.api.GetAllMeasurementDatabySKU" name="badRequestmultiplescenario" time="1.469"/>
  <testcase classname="v3.Get.api.GetAllMeasurementDatabySKU" name="lessThanStartDate" time="1.596"/>
  <testcase classname="v3.Get.api.GetAllMeasurementDatabySKU" name="noMeasurement" time="1.403"/>
  <testcase classname="v3.Get.api.GetAllMeasurementDatabySKU" name="unauthorizedWithMultipeScenarious" time="1.417"/>
  <testcase classname="v3.Get.api.GetAllMeasurementDatabySKU" name="verifySkuId" time="1.431"/>
  <testcase classname="v3.Get.api.GetAllMeasurementDatabySKU" name="verifylegacyFormat" time="1.384"/>
  <testcase classname="v3.Get.api.GetAllMeasurementDatabySKU" name="verifystandardFormat" time="1.557"/>
  <testcase classname="v3.Get.api.GetMeasurementDatabyRange" name="assertthedaterange" time="6.315"/>
  <testcase classname="v3.Get.api.GetMeasurementDatabyRange" name="assertTheIdRange" time="1.646"/>
  <testcase classname="v3.Get.api.GetMeasurementDatabyRange" name="invalidRangeValue" time="1.377"/>
  <testcase classname="v3.Get.api.GetMeasurementDatabyRange" name="invalidFromOrToValue" time="5.633"/>
  <testcase classname="v3.Get.api.GetMeasurementDatabyRange" name="Unauthorized" time="2.962"/>
  <testcase classname="v3.Get.api.GetMeasurementDatabyRange" name="VerifyStandardFormate" time="1.692"/>
  <testcase classname="v3.Get.api.GetMeasurementDatabyRange" name="VerifylegacyFormate" time="1.714"/>
  <testcase classname="v3.Get.api.LatestMeasurementImage" name="Latestmeasurementimage" time="3.353"/>
  <testcase classname="v3.Get.api.LatestMeasurementImage" name="Unauthorized" time="1.367"/>
  <testcase classname="v3.Get.api.ListMeasurementIDandDates" name="Notfound" time="1.453"/>
  <testcase classname="v3.Get.api.ListMeasurementIDandDates" name="Unauthorized" time="1.525"/>
  <testcase classname="v3.Get.api.ListMeasurementIDandDates" name="testScanIdListEndpoint" time="3.17"/>
  <testcase classname="v3.Get.api.MeasurementImagebyID" name="Unauthorized" time="1.33"/>
  <testcase classname="v3.Get.api.MeasurementImagebyID" name="VeridyTheIdByImage" time="2.765"/>
  <testcase classname="v3.Get.api.MeasurementImagebyID" name="testNoImageFound" time="1.703"/>
  <testcase classname="v3.Get.api.DeleteAccessandRefreshToken" name="Unauthorized" time="0.0">
    <ignored/>
  </testcase> <!-- Unauthorized -->
  <testcase classname="v3.Get.api.GetMeasurementDataBySku" name="verifystandardFormate" time="0.0">
    <ignored/>
  </testcase> <!-- verifystandardFormate -->
  <testcase classname="v3.Get.api.GenerateNewAccessToken" name="newaccesstoken" time="0.0">
    <ignored/>
  </testcase> <!-- newaccesstoken -->
  <testcase classname="v3.Get.api.GetMeasurementDataBySku" name="verifylegacyFormate" time="0.0">
    <ignored/>
  </testcase> <!-- verifylegacyFormate -->
  <testcase classname="v3.Get.api.GetMeasurementDataById" name="unauthorizedWithMultipeScenarious" time="0.0">
    <ignored/>
  </testcase> <!-- unauthorizedWithMultipeScenarious -->
  <testcase classname="v3.Get.api.GenerateNewAccessToken" name="Unauthorized" time="0.0">
    <ignored/>
  </testcase> <!-- Unauthorized -->
  <testcase classname="v3.Get.api.GetMeasurementDataById" name="verifyStandardFormate" time="0.0">
    <ignored/>
  </testcase> <!-- verifyStandardFormate -->
  <testcase classname="v3.Get.api.GetMeasurementDataById" name="verifylegacyFormate" time="0.0">
    <ignored/>
  </testcase> <!-- verifylegacyFormate -->
  <testcase classname="v3.Get.api.DeleteAccessandRefreshToken" name="deletetoken" time="0.0">
    <ignored/>
  </testcase> <!-- deletetoken -->
  <testcase classname="v3.Get.api.GetMeasurementDataBySku" name="badRequestWithMultipeScenarious" time="0.0">
    <ignored/>
  </testcase> <!-- badRequestWithMultipeScenarious -->
  <testcase classname="v3.Get.api.GetMeasurementDataBySku" name="assertTheExteranlJsonToResponseBodyAndStatusCode" time="0.0">
    <ignored/>
  </testcase> <!-- assertTheExteranlJsonToResponseBodyAndStatusCode -->
  <testcase classname="v3.Get.api.GetMeasurementDataBySku" name="unauthorizedWithMultipeScenarious" time="0.0">
    <ignored/>
  </testcase> <!-- unauthorizedWithMultipeScenarious -->
  <testcase classname="v3.Get.api.GetMeasurementDataById" name="badRequestWithMultipeScenarious" time="0.0">
    <ignored/>
  </testcase> <!-- badRequestWithMultipeScenarious -->
  <testcase classname="v3.Get.api.GetMeasurementDataById" name="assertTheExteranlJsonToResponseBodyAndStatusCode" time="0.0">
    <ignored/>
  </testcase> <!-- assertTheExteranlJsonToResponseBodyAndStatusCode -->
</testsuite> <!-- API Tests - Version 3 -->
