<?xml version="1.0" encoding="UTF-8"?>
<!-- Generated by org.testng.reporters.JUnitXMLReporter -->
<testsuite ignored="2" hostname="VISAI00215L" failures="0" tests="4" name="API Tests - Version 3-Live calibration and Live Measurement" time="8.012" errors="0" timestamp="2023-10-06T16:14:24 IST">
  <testcase classname="v3.Get.api.LiveCalibration" name="Unauthorized" time="1.836"/>
  <testcase classname="v3.Get.api.LiveCalibration" name="badrequest" time="1.661"/>
  <testcase classname="v3.Get.api.LiveCalibration" name="invalidheight" time="2.866"/>
  <testcase classname="v3.Get.api.LiveMeasurement" name="Unauthorized" time="1.641"/>
  <testcase classname="v3.Get.api.LiveCalibration" name="CalibratedSuccessfully" time="0.0">
    <ignored/>
  </testcase> <!-- CalibratedSuccessfully -->
  <testcase classname="v3.Get.api.LiveMeasurement" name="measurements" time="0.0">
    <ignored/>
  </testcase> <!-- measurements -->
</testsuite> <!-- API Tests - Version 3-Live calibration and Live Measurement -->
