<?xml version="1.0" encoding="UTF-8"?>
<!-- Generated by org.testng.reporters.JUnitXMLReporter -->
<testsuite ignored="2" hostname="VISAI00215L" failures="0" tests="4" name="API Tests - Version 3-Live calibration and Live Measurement" time="9.759" errors="0" timestamp="2023-09-07T18:39:10 IST">
  <testcase classname="v3.Get.api.LiveCalibration" name="Unauthorized" time="1.428"/>
  <testcase classname="v3.Get.api.LiveCalibration" name="badrequest" time="2.561"/>
  <testcase classname="v3.Get.api.LiveCalibration" name="invalidheight" time="3.142"/>
  <testcase classname="v3.Get.api.LiveMeasurement" name="Unauthorized" time="2.622"/>
  <testcase classname="v3.Get.api.LiveMeasurement" name="measurements" time="0.0">
    <ignored/>
  </testcase> <!-- measurements -->
  <testcase classname="v3.Get.api.LiveCalibration" name="CalibratedSuccessfully" time="0.0">
    <ignored/>
  </testcase> <!-- CalibratedSuccessfully -->
</testsuite> <!-- API Tests - Version 3-Live calibration and Live Measurement -->
