<?xml version="1.0" encoding="UTF-8"?>
<!-- Generated by org.testng.reporters.JUnitXMLReporter -->
<testsuite ignored="0" hostname="VISAI00215L" failures="0" tests="9" name="API Tests - ListMeasurementIDandDates" time="18.276" errors="0" timestamp="2023-09-07T18:41:59 IST">
  <testcase classname="v1.Get.api.ListMeasurementIDandDates" name="Notfound" time="1.486"/>
  <testcase classname="v1.Get.api.ListMeasurementIDandDates" name="ScanIdListEndpoint" time="2.486"/>
  <testcase classname="v1.Get.api.ListMeasurementIDandDates" name="Unauthorized" time="2.366"/>
  <testcase classname="v2.Get.api.ListMeasurementIDandDates" name="Notfound" time="1.392"/>
  <testcase classname="v2.Get.api.ListMeasurementIDandDates" name="ScanIdList" time="1.532"/>
  <testcase classname="v2.Get.api.ListMeasurementIDandDates" name="Unauthorized" time="2.404"/>
  <testcase classname="v3.Get.api.ListMeasurementIDandDates" name="Notfound" time="1.487"/>
  <testcase classname="v3.Get.api.ListMeasurementIDandDates" name="Unauthorized" time="1.514"/>
  <testcase classname="v3.Get.api.ListMeasurementIDandDates" name="testScanIdListEndpoint" time="3.6"/>
</testsuite> <!-- API Tests - ListMeasurementIDandDates -->
