<?xml version="1.0" encoding="UTF-8"?>
<!-- Generated by org.testng.reporters.JUnitXMLReporter -->
<testsuite ignored="0" hostname="VISAI00215L" failures="5" tests="17" name="API Tests - GetMeasurementDataByRange" time="57.956" errors="0" timestamp="2023-09-07T18:40:52 IST">
  <testcase classname="v1.Get.api.GetMeasurementDatabyRange" name="assertthedaterange" time="1.558"/>
  <testcase classname="v1.Get.api.GetMeasurementDatabyRange" name="assertTheIdRange" time="1.893">
    <failure type="java.lang.AssertionError" message="expected [200] but found [404]">
      <![CDATA[java.lang.AssertionError: expected [200] but found [404]
at v1.Get.api.GetMeasurementDatabyRange.assertTheIdRange(GetMeasurementDatabyRange.java:159)
at java.base/java.util.ArrayList.forEach(ArrayList.java:1511)
... Removed 34 stack frames]]>
    </failure>
  </testcase> <!-- assertTheIdRange -->
  <testcase classname="v1.Get.api.GetMeasurementDatabyRange" name="invalidRangeValue" time="1.564"/>
  <testcase classname="v1.Get.api.GetMeasurementDatabyRange" name="invalidFromOrToValue" time="6.745"/>
  <testcase classname="v1.Get.api.GetMeasurementDatabyRange" name="Unauthorized" time="3.016"/>
  <testcase classname="v2.Get.api.GetMeasurementDatabyRange" name="assertthedaterange" time="3.111"/>
  <testcase classname="v2.Get.api.GetMeasurementDatabyRange" name="assertTheIdRange" time="2.284">
    <failure type="java.lang.AssertionError" message="expected [200] but found [404]">
      <![CDATA[java.lang.AssertionError: expected [200] but found [404]
at v2.Get.api.GetMeasurementDatabyRange.assertTheIdRange(GetMeasurementDatabyRange.java:150)
at java.base/java.util.ArrayList.forEach(ArrayList.java:1511)
... Removed 34 stack frames]]>
    </failure>
  </testcase> <!-- assertTheIdRange -->
  <testcase classname="v2.Get.api.GetMeasurementDatabyRange" name="invalidRangeValue" time="3.548"/>
  <testcase classname="v2.Get.api.GetMeasurementDatabyRange" name="invalidFromOrToValue" time="8.165"/>
  <testcase classname="v2.Get.api.GetMeasurementDatabyRange" name="Unauthorized" time="3.072"/>
  <testcase classname="v3.Get.api.GetMeasurementDatabyRange" name="assertthedaterange" time="1.485"/>
  <testcase classname="v3.Get.api.GetMeasurementDatabyRange" name="assertTheIdRange" time="1.436">
    <failure type="java.lang.AssertionError" message="expected [200] but found [404]">
      <![CDATA[java.lang.AssertionError: expected [200] but found [404]
at v3.Get.api.GetMeasurementDatabyRange.assertTheIdRange(GetMeasurementDatabyRange.java:171)
at java.base/java.util.ArrayList.forEach(ArrayList.java:1511)
... Removed 34 stack frames]]>
    </failure>
  </testcase> <!-- assertTheIdRange -->
  <testcase classname="v3.Get.api.GetMeasurementDatabyRange" name="invalidRangeValue" time="4.184"/>
  <testcase classname="v3.Get.api.GetMeasurementDatabyRange" name="invalidFromOrToValue" time="8.777"/>
  <testcase classname="v3.Get.api.GetMeasurementDatabyRange" name="Unauthorized" time="3.197"/>
  <testcase classname="v3.Get.api.GetMeasurementDatabyRange" name="VerifyStandardFormate" time="1.517">
    <failure type="java.lang.ClassCastException" message="class java.util.LinkedHashMap cannot be cast to class java.util.List (java.util.LinkedHashMap and java.util.List are in module java.base of loader &amp;apos;bootstrap&amp;apos;)">
      <![CDATA[java.lang.ClassCastException: class java.util.LinkedHashMap cannot be cast to class java.util.List (java.util.LinkedHashMap and java.util.List are in module java.base of loader 'bootstrap')
at io.restassured.path.json.JsonPath.getList(JsonPath.java:375)
at credentails.CommonMethods.Standard(CommonMethods.java:68)
at v3.Get.api.GetMeasurementDatabyRange.VerifyStandardFormate(GetMeasurementDatabyRange.java:317)
at java.base/java.util.ArrayList.forEach(ArrayList.java:1511)
... Removed 27 stack frames]]>
    </failure>
  </testcase> <!-- VerifyStandardFormate -->
  <testcase classname="v3.Get.api.GetMeasurementDatabyRange" name="VerifylegacyFormate" time="2.372">
    <failure type="java.lang.ClassCastException" message="class java.util.LinkedHashMap cannot be cast to class java.util.List (java.util.LinkedHashMap and java.util.List are in module java.base of loader &amp;apos;bootstrap&amp;apos;)">
      <![CDATA[java.lang.ClassCastException: class java.util.LinkedHashMap cannot be cast to class java.util.List (java.util.LinkedHashMap and java.util.List are in module java.base of loader 'bootstrap')
at io.restassured.path.json.JsonPath.getList(JsonPath.java:375)
at credentails.CommonMethods.legacy(CommonMethods.java:39)
at v3.Get.api.GetMeasurementDatabyRange.VerifylegacyFormate(GetMeasurementDatabyRange.java:344)
at java.base/java.util.ArrayList.forEach(ArrayList.java:1511)
... Removed 27 stack frames]]>
    </failure>
  </testcase> <!-- VerifylegacyFormate -->
</testsuite> <!-- API Tests - GetMeasurementDataByRange -->
