<?xml version="1.0" encoding="UTF-8"?>
<!-- Generated by org.testng.reporters.JUnitXMLReporter -->
<testsuite ignored="0" hostname="VISAI00215L" failures="0" tests="8" name="API Tests - LatestMeasurementImage" time="17.965" errors="0" timestamp="2023-09-07T18:42:17 IST">
  <testcase classname="v1.Get.api.LatestMeasurementImage" name="Latestmeasurementimage" time="2.706"/>
  <testcase classname="v1.Get.api.LatestMeasurementImage" name="Unauthorized" time="1.786"/>
  <testcase classname="v1.Get.api.LatestMeasurementImage" name="notFound" time="1.485"/>
  <testcase classname="v2.Get.api.LatestMeasurementImage" name="Latestmeasurementimage" time="1.95"/>
  <testcase classname="v2.Get.api.LatestMeasurementImage" name="Unauthorized" time="1.888"/>
  <testcase classname="v2.Get.api.LatestMeasurementImage" name="notFound" time="3.891"/>
  <testcase classname="v3.Get.api.LatestMeasurementImage" name="Latestmeasurementimage" time="2.617"/>
  <testcase classname="v3.Get.api.LatestMeasurementImage" name="Unauthorized" time="1.631"/>
</testsuite> <!-- API Tests - LatestMeasurementImage -->
