<?xml version="1.0" encoding="UTF-8"?>
<!-- Generated by org.testng.reporters.JUnitXMLReporter -->
<testsuite ignored="6" hostname="VISAI00215L" failures="0" tests="6" name="API Tests - GetMeasurementDataById" time="78.121" errors="0" timestamp="2023-10-06T16:15:42 IST">
  <testcase classname="v1.Get.api.GetMeasurementDataById" name="assertJsonfileWithResponseBody" time="34.086"/>
  <testcase classname="v1.Get.api.GetMeasurementDataById" name="verifybadRequest" time="3.044"/>
  <testcase classname="v1.Get.api.GetMeasurementDataById" name="verifyunauthorized" time="3.403"/>
  <testcase classname="v2.Get.api.GetMeasurementDataById" name="assertJsonfileToResponseBody" time="30.416"/>
  <testcase classname="v2.Get.api.GetMeasurementDataById" name="verifybadRequest" time="3.553"/>
  <testcase classname="v2.Get.api.GetMeasurementDataById" name="verifyunauthorized" time="3.607"/>
  <testcase classname="v3.Get.api.GetMeasurementDataById" name="verifyStandardFormate" time="0.0">
    <ignored/>
  </testcase> <!-- verifyStandardFormate -->
  <testcase classname="v3.Get.api.GetMeasurementDataById" name="verifybadRequest" time="0.0">
    <ignored/>
  </testcase> <!-- verifybadRequest -->
  <testcase classname="v3.Get.api.GetMeasurementDataById" name="verifNotFound" time="0.0">
    <ignored/>
  </testcase> <!-- verifNotFound -->
  <testcase classname="v3.Get.api.GetMeasurementDataById" name="verifylegacyFormate" time="0.0">
    <ignored/>
  </testcase> <!-- verifylegacyFormate -->
  <testcase classname="v3.Get.api.GetMeasurementDataById" name="assertTheExteranlJsonToResponseBodyAndStatusCode" time="0.0">
    <ignored/>
  </testcase> <!-- assertTheExteranlJsonToResponseBodyAndStatusCode -->
  <testcase classname="v3.Get.api.GetMeasurementDataById" name="verifyunauthorized" time="0.0">
    <ignored/>
  </testcase> <!-- verifyunauthorized -->
</testsuite> <!-- API Tests - GetMeasurementDataById -->
