<?xml version="1.0" encoding="UTF-8"?>
<!-- Generated by org.testng.reporters.JUnitXMLReporter -->
<testsuite ignored="3" hostname="VISAI00215L" failures="0" tests="8" name="API Tests - GetMeasurementDataBySku" time="17.047" errors="0" timestamp="2023-09-08T19:36:12 IST">
  <testcase classname="v1.Get.api.GetMeasurementDataBySku" name="assertTheExteranlJsonToResponseBodyAndStatusCode" time="1.411"/>
  <testcase classname="v1.Get.api.GetMeasurementDataBySku" name="unauthorizedWithMultipeScenarious" time="2.772"/>
  <testcase classname="v1.Get.api.GetMeasurementDataBySku" name="badRequestWithMultipeScenarious" time="3.075"/>
  <testcase classname="v3.Get.api.GetMeasurementDataBySku" name="assertTheExteranlJsonToResponseBodyAndStatusCode" time="1.542"/>
  <testcase classname="v3.Get.api.GetMeasurementDataBySku" name="verifystandardFormate" time="1.427"/>
  <testcase classname="v3.Get.api.GetMeasurementDataBySku" name="verifylegacyFormate" time="1.406"/>
  <testcase classname="v3.Get.api.GetMeasurementDataBySku" name="unauthorizedWithMultipeScenarious" time="2.734"/>
  <testcase classname="v3.Get.api.GetMeasurementDataBySku" name="badRequestWithMultipeScenarious" time="2.668"/>
  <testcase classname="v2.Get.api.GetMeasurementDataBySku" name="badRequestWithMultipeScenarious" time="0.0">
    <ignored/>
  </testcase> <!-- badRequestWithMultipeScenarious -->
  <testcase classname="v2.Get.api.GetMeasurementDataBySku" name="assertTheExteranlJsonToResponseBodyAndStatusCode" time="0.0">
    <ignored/>
  </testcase> <!-- assertTheExteranlJsonToResponseBodyAndStatusCode -->
  <testcase classname="v2.Get.api.GetMeasurementDataBySku" name="unauthorizedWithMultipeScenarious" time="0.0">
    <ignored/>
  </testcase> <!-- unauthorizedWithMultipeScenarious -->
</testsuite> <!-- API Tests - GetMeasurementDataBySku -->
