<?xml version="1.0" encoding="UTF-8"?>
<!-- Generated by org.testng.reporters.JUnitXMLReporter -->
<testsuite ignored="0" hostname="VISAI00215L" failures="2" tests="12" name="Live api" time="48.645" errors="0" timestamp="2023-08-29T14:33:28 IST">
  <testcase classname="v1.Get.api.LiveCalibration" name="CalibratedSuccessfully" time="4.986">
    <failure type="java.lang.AssertionError" message="expected [System Calibrated Successfully.] but found [System Calibration Failed. System Height: 149.80 cm  and System Angle: 0.03 deg ]">
      <![CDATA[java.lang.AssertionError: expected [System Calibrated Successfully.] but found [System Calibration Failed. System Height: 149.80 cm  and System Angle: 0.03 deg ]
at v1.Get.api.LiveCalibration.CalibratedSuccessfully(LiveCalibration.java:41)
at java.base/java.util.ArrayList.forEach(ArrayList.java:1511)
... Removed 33 stack frames]]>
    </failure>
  </testcase> <!-- CalibratedSuccessfully -->
  <testcase classname="v1.Get.api.LiveCalibration" name="badrequest" time="1.419"/>
  <testcase classname="v1.Get.api.LiveCalibration" name="invalidheight" time="1.385"/>
  <testcase classname="v1.Get.api.LiveMeasurement" name="measurements" time="5.886">
    <failure type="java.lang.AssertionError" message="expected [Object Measured Successfully] but found [null]">
      <![CDATA[java.lang.AssertionError: expected [Object Measured Successfully] but found [null]
at v1.Get.api.LiveMeasurement.measurements(LiveMeasurement.java:33)
at java.base/java.util.ArrayList.forEach(ArrayList.java:1511)
... Removed 33 stack frames]]>
    </failure>
  </testcase> <!-- measurements -->
  <testcase classname="v2.Get.api.LiveCalibration" name="CalibratedSuccessfully" time="6.042"/>
  <testcase classname="v2.Get.api.LiveCalibration" name="badrequest" time="1.596"/>
  <testcase classname="v2.Get.api.LiveCalibration" name="invalidheight" time="1.368"/>
  <testcase classname="v2.Get.api.LiveMeasurement" name="measurements" time="8.614"/>
  <testcase classname="v3.Get.api.LiveCalibration" name="CalibratedSuccessfully" time="5.749"/>
  <testcase classname="v3.Get.api.LiveCalibration" name="badrequest" time="1.579"/>
  <testcase classname="v3.Get.api.LiveCalibration" name="invalidheight" time="1.421"/>
  <testcase classname="v3.Get.api.LiveMeasurement" name="measurements" time="8.559"/>
</testsuite> <!-- Live api -->
