<?xml version="1.0" encoding="UTF-8"?>
<!-- Generated by org.testng.reporters.JUnitXMLReporter -->
<testsuite ignored="0" hostname="VISAI00215L" failures="0" tests="9" name="Regression" time="20.942" errors="0" timestamp="2023-08-24T11:41:36 IST">
  <testcase classname="v1.Get.api.MeasurementImagebyID" name="Unauthorized" time="1.49"/>
  <testcase classname="v1.Get.api.MeasurementImagebyID" name="VeridyTheIdByImage" time="4.108"/>
  <testcase classname="v1.Get.api.MeasurementImagebyID" name="testNoImageFound" time="1.563"/>
  <testcase classname="v2.Get.api.MeasurementImagebyID" name="Unauthorized" time="1.414"/>
  <testcase classname="v2.Get.api.MeasurementImagebyID" name="VeridyTheIdByImage" time="3.941"/>
  <testcase classname="v2.Get.api.MeasurementImagebyID" name="testNoImageFound" time="1.399"/>
  <testcase classname="v3.Get.api.MeasurementImagebyID" name="Unauthorized" time="1.574"/>
  <testcase classname="v3.Get.api.MeasurementImagebyID" name="VeridyTheIdByImage" time="3.923"/>
  <testcase classname="v3.Get.api.MeasurementImagebyID" name="testNoImageFound" time="1.481"/>
</testsuite> <!-- Regression -->
