<?xml version="1.0" encoding="UTF-8"?>
<!-- Generated by org.testng.reporters.JUnitXMLReporter -->
<testsuite ignored="0" hostname="VISAI00215L" failures="0" tests="10" name="Regression" time="14.81" errors="0" timestamp="2023-08-25T16:22:45 IST">
  <testcase classname="v3.Get.api.GetAllMeasurementDatabySKU" name="SkipFailureIsFalse" time="1.681"/>
  <testcase classname="v3.Get.api.GetAllMeasurementDatabySKU" name="SkipFailureIsTrue" time="1.435"/>
  <testcase classname="v3.Get.api.GetAllMeasurementDatabySKU" name="badRequestmultiplescenario" time="1.369"/>
  <testcase classname="v3.Get.api.GetAllMeasurementDatabySKU" name="badRequestmultiplescenario" time="1.54"/>
  <testcase classname="v3.Get.api.GetAllMeasurementDatabySKU" name="lessThanStartDate" time="1.31"/>
  <testcase classname="v3.Get.api.GetAllMeasurementDatabySKU" name="noMeasurement" time="1.448"/>
  <testcase classname="v3.Get.api.GetAllMeasurementDatabySKU" name="unauthorizedWithMultipeScenarious" time="1.532"/>
  <testcase classname="v3.Get.api.GetAllMeasurementDatabySKU" name="verifySkuId" time="1.547"/>
  <testcase classname="v3.Get.api.GetAllMeasurementDatabySKU" name="verifylegacyFormat" time="1.446"/>
  <testcase classname="v3.Get.api.GetAllMeasurementDatabySKU" name="verifystandardFormat" time="1.453"/>
</testsuite> <!-- Regression -->
