<?xml version="1.0" encoding="UTF-8"?>
<testng-results ignored="0" total="2" passed="2" failed="0" skipped="0">
  <reporter-output>
  </reporter-output>
  <suite started-at="2023-08-17T18:30:04 IST" name="Default suite" finished-at="2023-08-17T18:30:10 IST" duration-ms="5971">
    <groups>
    </groups>
    <test started-at="2023-08-17T18:30:04 IST" name="Default test" finished-at="2023-08-17T18:30:10 IST" duration-ms="5971">
      <class name="v3.Get.api.LatestMeasurementImage">
        <test-method signature="Latestmeasurementimage()[pri:0, instance:v3.Get.api.LatestMeasurementImage@22bdb1d0]" started-at="2023-08-17T18:30:04 IST" name="Latestmeasurementimage" finished-at="2023-08-17T18:30:08 IST" duration-ms="4517" status="PASS">
          <reporter-output>
          </reporter-output>
        </test-method> <!-- Latestmeasurementimage -->
        <test-method signature="Unauthorized()[pri:0, instance:v3.Get.api.LatestMeasurementImage@22bdb1d0]" started-at="2023-08-17T18:30:08 IST" name="Unauthorized" finished-at="2023-08-17T18:30:10 IST" duration-ms="1425" status="PASS">
          <reporter-output>
          </reporter-output>
        </test-method> <!-- Unauthorized -->
      </class> <!-- v3.Get.api.LatestMeasurementImage -->
    </test> <!-- Default test -->
  </suite> <!-- Default suite -->
</testng-results>
