<?xml version="1.0" encoding="UTF-8"?>
<testng-results ignored="0" total="1" passed="1" failed="0" skipped="0">
  <reporter-output>
  </reporter-output>
  <suite started-at="2023-09-08T20:03:16 IST" name="Default suite" finished-at="2023-09-08T20:05:38 IST" duration-ms="141338">
    <groups>
    </groups>
    <test started-at="2023-09-08T20:03:16 IST" name="Default test" finished-at="2023-09-08T20:05:38 IST" duration-ms="141338">
      <class name="measurement.api.addMeasurementDetails">
        <test-method signature="postmethod()[pri:0, instance:measurement.api.addMeasurementDetails@38467116]" started-at="2023-09-08T20:03:16 IST" name="postmethod" finished-at="2023-09-08T20:05:38 IST" duration-ms="141302" status="PASS">
          <reporter-output>
          </reporter-output>
        </test-method> <!-- postmethod -->
      </class> <!-- measurement.api.addMeasurementDetails -->
    </test> <!-- Default test -->
  </suite> <!-- Default suite -->
</testng-results>
