<?xml version="1.0" encoding="UTF-8"?>
<testng-results ignored="0" total="10" passed="10" failed="0" skipped="0">
  <reporter-output>
  </reporter-output>
  <suite started-at="2023-08-25T16:22:30 IST" name="WebServiceTesting" finished-at="2023-08-25T16:22:45 IST" duration-ms="14810">
    <groups>
    </groups>
    <test started-at="2023-08-25T16:22:30 IST" name="Regression" finished-at="2023-08-25T16:22:45 IST" duration-ms="14810">
      <class name="v3.Get.api.GetAllMeasurementDatabySKU">
        <test-method signature="SkipFailureIsFalse(java.lang.String,java.lang.String,java.lang.String)[pri:0, instance:v3.Get.api.GetAllMeasurementDatabySKU@74b86971]" started-at="2023-08-25T16:22:30 IST" name="SkipFailureIsFalse" finished-at="2023-08-25T16:22:32 IST" duration-ms="1681" status="PASS">
          <params>
            <param index="0">
              <value>
                <![CDATA[1q!@]]>
              </value>
            </param>
            <param index="1">
              <value>
                <![CDATA[2023-07-18]]>
              </value>
            </param>
            <param index="2">
              <value>
                <![CDATA[2023-07-19]]>
              </value>
            </param>
          </params>
          <reporter-output>
          </reporter-output>
        </test-method> <!-- SkipFailureIsFalse -->
        <test-method signature="SkipFailureIsTrue(java.lang.String,java.lang.String,java.lang.String)[pri:0, instance:v3.Get.api.GetAllMeasurementDatabySKU@74b86971]" started-at="2023-08-25T16:22:32 IST" name="SkipFailureIsTrue" finished-at="2023-08-25T16:22:33 IST" duration-ms="1435" status="PASS">
          <params>
            <param index="0">
              <value>
                <![CDATA[1q!@]]>
              </value>
            </param>
            <param index="1">
              <value>
                <![CDATA[2023-07-18]]>
              </value>
            </param>
            <param index="2">
              <value>
                <![CDATA[2023-07-19]]>
              </value>
            </param>
          </params>
          <reporter-output>
          </reporter-output>
        </test-method> <!-- SkipFailureIsTrue -->
        <test-method signature="badRequestmultiplescenario()[pri:0, instance:v3.Get.api.GetAllMeasurementDatabySKU@74b86971]" started-at="2023-08-25T16:22:33 IST" name="badRequestmultiplescenario" finished-at="2023-08-25T16:22:34 IST" duration-ms="1369" status="PASS">
          <reporter-output>
          </reporter-output>
        </test-method> <!-- badRequestmultiplescenario -->
        <test-method signature="badRequestmultiplescenario(java.lang.String,java.lang.String,java.lang.String)[pri:0, instance:v3.Get.api.GetAllMeasurementDatabySKU@74b86971]" started-at="2023-08-25T16:22:34 IST" name="badRequestmultiplescenario" finished-at="2023-08-25T16:22:36 IST" duration-ms="1540" status="PASS">
          <params>
            <param index="0">
              <value>
                <![CDATA[1q!@]]>
              </value>
            </param>
            <param index="1">
              <value>
                <![CDATA[2023-07-19]]>
              </value>
            </param>
            <param index="2">
              <value>
                <![CDATA[2023-01-19]]>
              </value>
            </param>
          </params>
          <reporter-output>
          </reporter-output>
        </test-method> <!-- badRequestmultiplescenario -->
        <test-method signature="lessThanStartDate(java.lang.String,java.lang.String,java.lang.String)[pri:0, instance:v3.Get.api.GetAllMeasurementDatabySKU@74b86971]" started-at="2023-08-25T16:22:36 IST" name="lessThanStartDate" finished-at="2023-08-25T16:22:37 IST" duration-ms="1310" status="PASS">
          <params>
            <param index="0">
              <value>
                <![CDATA[1q!@]]>
              </value>
            </param>
            <param index="1">
              <value>
                <![CDATA[2023-07-18]]>
              </value>
            </param>
            <param index="2">
              <value>
                <![CDATA[2023-07-19]]>
              </value>
            </param>
          </params>
          <reporter-output>
          </reporter-output>
        </test-method> <!-- lessThanStartDate -->
        <test-method signature="noMeasurement(java.lang.String)[pri:0, instance:v3.Get.api.GetAllMeasurementDatabySKU@74b86971]" started-at="2023-08-25T16:22:37 IST" name="noMeasurement" finished-at="2023-08-25T16:22:39 IST" duration-ms="1448" status="PASS">
          <params>
            <param index="0">
              <value>
                <![CDATA[1q!@]]>
              </value>
            </param>
          </params>
          <reporter-output>
          </reporter-output>
        </test-method> <!-- noMeasurement -->
        <test-method signature="unauthorizedWithMultipeScenarious(java.lang.String,java.lang.String,java.lang.String)[pri:0, instance:v3.Get.api.GetAllMeasurementDatabySKU@74b86971]" started-at="2023-08-25T16:22:39 IST" name="unauthorizedWithMultipeScenarious" finished-at="2023-08-25T16:22:40 IST" duration-ms="1532" status="PASS">
          <params>
            <param index="0">
              <value>
                <![CDATA[1q!@]]>
              </value>
            </param>
            <param index="1">
              <value>
                <![CDATA[2023-07-18]]>
              </value>
            </param>
            <param index="2">
              <value>
                <![CDATA[2023-07-19]]>
              </value>
            </param>
          </params>
          <reporter-output>
          </reporter-output>
        </test-method> <!-- unauthorizedWithMultipeScenarious -->
        <test-method signature="verifySkuId(java.lang.String,java.lang.String,java.lang.String)[pri:0, instance:v3.Get.api.GetAllMeasurementDatabySKU@74b86971]" started-at="2023-08-25T16:22:40 IST" name="verifySkuId" finished-at="2023-08-25T16:22:42 IST" duration-ms="1547" status="PASS">
          <params>
            <param index="0">
              <value>
                <![CDATA[1q!@]]>
              </value>
            </param>
            <param index="1">
              <value>
                <![CDATA[2023-07-18]]>
              </value>
            </param>
            <param index="2">
              <value>
                <![CDATA[2023-07-19]]>
              </value>
            </param>
          </params>
          <reporter-output>
          </reporter-output>
        </test-method> <!-- verifySkuId -->
        <test-method signature="verifylegacyFormat(java.lang.String,java.lang.String,java.lang.String)[pri:0, instance:v3.Get.api.GetAllMeasurementDatabySKU@74b86971]" started-at="2023-08-25T16:22:42 IST" name="verifylegacyFormat" finished-at="2023-08-25T16:22:43 IST" duration-ms="1446" status="PASS">
          <params>
            <param index="0">
              <value>
                <![CDATA[1q!@]]>
              </value>
            </param>
            <param index="1">
              <value>
                <![CDATA[2023-07-18]]>
              </value>
            </param>
            <param index="2">
              <value>
                <![CDATA[2023-07-19]]>
              </value>
            </param>
          </params>
          <reporter-output>
          </reporter-output>
        </test-method> <!-- verifylegacyFormat -->
        <test-method signature="verifystandardFormat(java.lang.String,java.lang.String,java.lang.String)[pri:0, instance:v3.Get.api.GetAllMeasurementDatabySKU@74b86971]" started-at="2023-08-25T16:22:43 IST" name="verifystandardFormat" finished-at="2023-08-25T16:22:45 IST" duration-ms="1453" status="PASS">
          <params>
            <param index="0">
              <value>
                <![CDATA[1q!@]]>
              </value>
            </param>
            <param index="1">
              <value>
                <![CDATA[2023-07-18]]>
              </value>
            </param>
            <param index="2">
              <value>
                <![CDATA[2023-07-19]]>
              </value>
            </param>
          </params>
          <reporter-output>
          </reporter-output>
        </test-method> <!-- verifystandardFormat -->
      </class> <!-- v3.Get.api.GetAllMeasurementDatabySKU -->
    </test> <!-- Regression -->
  </suite> <!-- WebServiceTesting -->
</testng-results>
