<?xml version="1.0" encoding="UTF-8"?>
<testng-results ignored="0" total="7" passed="7" failed="0" skipped="0">
  <reporter-output>
  </reporter-output>
  <suite started-at="2023-08-21T17:53:11 IST" name="WebServiceTesting" finished-at="2023-08-21T17:53:28 IST" duration-ms="16997">
    <groups>
    </groups>
    <test started-at="2023-08-21T17:53:11 IST" name="Regression" finished-at="2023-08-21T17:53:28 IST" duration-ms="16997">
      <class name="v3.Get.api.GetMeasurementDatabyRange">
        <test-method signature="assertthedaterange(java.lang.String,java.lang.String)[pri:1, instance:v3.Get.api.GetMeasurementDatabyRange@1b01a0d]" started-at="2023-08-21T17:53:11 IST" name="assertthedaterange" finished-at="2023-08-21T17:53:12 IST" duration-ms="1641" status="PASS">
          <params>
            <param index="0">
              <value>
                <![CDATA[2023-07-18]]>
              </value>
            </param>
            <param index="1">
              <value>
                <![CDATA[2023-07-19]]>
              </value>
            </param>
          </params>
          <reporter-output>
          </reporter-output>
        </test-method> <!-- assertthedaterange -->
        <test-method signature="assertTheIdRange(java.lang.String,java.lang.String)[pri:2, instance:v3.Get.api.GetMeasurementDatabyRange@1b01a0d]" started-at="2023-08-21T17:53:12 IST" name="assertTheIdRange" finished-at="2023-08-21T17:53:14 IST" duration-ms="1410" status="PASS">
          <params>
            <param index="0">
              <value>
                <![CDATA[103300]]>
              </value>
            </param>
            <param index="1">
              <value>
                <![CDATA[103400]]>
              </value>
            </param>
          </params>
          <reporter-output>
          </reporter-output>
        </test-method> <!-- assertTheIdRange -->
        <test-method signature="invalidRangeValue(java.lang.String,java.lang.String)[pri:3, instance:v3.Get.api.GetMeasurementDatabyRange@1b01a0d]" started-at="2023-08-21T17:53:14 IST" name="invalidRangeValue" finished-at="2023-08-21T17:53:15 IST" duration-ms="1481" status="PASS">
          <params>
            <param index="0">
              <value>
                <![CDATA[103300]]>
              </value>
            </param>
            <param index="1">
              <value>
                <![CDATA[103400]]>
              </value>
            </param>
          </params>
          <reporter-output>
          </reporter-output>
        </test-method> <!-- invalidRangeValue -->
        <test-method signature="invalidFromOrToValue(java.lang.String,java.lang.String)[pri:4, instance:v3.Get.api.GetMeasurementDatabyRange@1b01a0d]" started-at="2023-08-21T17:53:15 IST" name="invalidFromOrToValue" finished-at="2023-08-21T17:53:21 IST" duration-ms="6095" status="PASS">
          <params>
            <param index="0">
              <value>
                <![CDATA[103300]]>
              </value>
            </param>
            <param index="1">
              <value>
                <![CDATA[103400]]>
              </value>
            </param>
          </params>
          <reporter-output>
          </reporter-output>
        </test-method> <!-- invalidFromOrToValue -->
        <test-method signature="Unauthorized(java.lang.String,java.lang.String)[pri:5, instance:v3.Get.api.GetMeasurementDatabyRange@1b01a0d]" started-at="2023-08-21T17:53:21 IST" name="Unauthorized" finished-at="2023-08-21T17:53:24 IST" duration-ms="3110" status="PASS">
          <params>
            <param index="0">
              <value>
                <![CDATA[103300]]>
              </value>
            </param>
            <param index="1">
              <value>
                <![CDATA[103400]]>
              </value>
            </param>
          </params>
          <reporter-output>
          </reporter-output>
        </test-method> <!-- Unauthorized -->
        <test-method signature="VerifyStandardFormate(java.lang.String,java.lang.String)[pri:6, instance:v3.Get.api.GetMeasurementDatabyRange@1b01a0d]" started-at="2023-08-21T17:53:24 IST" name="VerifyStandardFormate" finished-at="2023-08-21T17:53:26 IST" duration-ms="1696" status="PASS">
          <params>
            <param index="0">
              <value>
                <![CDATA[103300]]>
              </value>
            </param>
            <param index="1">
              <value>
                <![CDATA[103400]]>
              </value>
            </param>
          </params>
          <reporter-output>
          </reporter-output>
        </test-method> <!-- VerifyStandardFormate -->
        <test-method signature="VerifylegacyFormate(java.lang.String,java.lang.String)[pri:7, instance:v3.Get.api.GetMeasurementDatabyRange@1b01a0d]" started-at="2023-08-21T17:53:26 IST" name="VerifylegacyFormate" finished-at="2023-08-21T17:53:28 IST" duration-ms="1522" status="PASS">
          <params>
            <param index="0">
              <value>
                <![CDATA[103300]]>
              </value>
            </param>
            <param index="1">
              <value>
                <![CDATA[103400]]>
              </value>
            </param>
          </params>
          <reporter-output>
          </reporter-output>
        </test-method> <!-- VerifylegacyFormate -->
      </class> <!-- v3.Get.api.GetMeasurementDatabyRange -->
    </test> <!-- Regression -->
  </suite> <!-- WebServiceTesting -->
</testng-results>
