<?xml version="1.0" encoding="UTF-8"?>
<testng-results ignored="0" total="9" passed="9" failed="0" skipped="0">
  <reporter-output>
  </reporter-output>
  <suite started-at="2023-08-24T11:41:15 IST" name="WebServiceTesting" finished-at="2023-08-24T11:41:36 IST" duration-ms="20942">
    <groups>
    </groups>
    <test started-at="2023-08-24T11:41:15 IST" name="Regression" finished-at="2023-08-24T11:41:36 IST" duration-ms="20942">
      <class name="v1.Get.api.MeasurementImagebyID">
        <test-method signature="Unauthorized(java.lang.Integer)[pri:0, instance:v1.Get.api.MeasurementImagebyID@6e2829c7]" started-at="2023-08-24T11:41:15 IST" name="Unauthorized" finished-at="2023-08-24T11:41:16 IST" duration-ms="1490" status="PASS">
          <params>
            <param index="0">
              <value>
                <![CDATA[123]]>
              </value>
            </param>
          </params>
          <reporter-output>
          </reporter-output>
        </test-method> <!-- Unauthorized -->
        <test-method signature="VeridyTheIdByImage(java.lang.Integer)[pri:0, instance:v1.Get.api.MeasurementImagebyID@6e2829c7]" started-at="2023-08-24T11:41:16 IST" name="VeridyTheIdByImage" finished-at="2023-08-24T11:41:20 IST" duration-ms="4108" status="PASS">
          <params>
            <param index="0">
              <value>
                <![CDATA[103405]]>
              </value>
            </param>
          </params>
          <reporter-output>
          </reporter-output>
        </test-method> <!-- VeridyTheIdByImage -->
        <test-method signature="testNoImageFound(java.lang.Integer)[pri:0, instance:v1.Get.api.MeasurementImagebyID@6e2829c7]" started-at="2023-08-24T11:41:20 IST" name="testNoImageFound" finished-at="2023-08-24T11:41:22 IST" duration-ms="1563" status="PASS">
          <params>
            <param index="0">
              <value>
                <![CDATA[123]]>
              </value>
            </param>
          </params>
          <reporter-output>
          </reporter-output>
        </test-method> <!-- testNoImageFound -->
      </class> <!-- v1.Get.api.MeasurementImagebyID -->
      <class name="v2.Get.api.MeasurementImagebyID">
        <test-method signature="Unauthorized(java.lang.Integer)[pri:0, instance:v2.Get.api.MeasurementImagebyID@5a5a729f]" started-at="2023-08-24T11:41:22 IST" name="Unauthorized" finished-at="2023-08-24T11:41:23 IST" duration-ms="1414" status="PASS">
          <params>
            <param index="0">
              <value>
                <![CDATA[123]]>
              </value>
            </param>
          </params>
          <reporter-output>
          </reporter-output>
        </test-method> <!-- Unauthorized -->
        <test-method signature="VeridyTheIdByImage(java.lang.Integer)[pri:0, instance:v2.Get.api.MeasurementImagebyID@5a5a729f]" started-at="2023-08-24T11:41:23 IST" name="VeridyTheIdByImage" finished-at="2023-08-24T11:41:27 IST" duration-ms="3941" status="PASS">
          <params>
            <param index="0">
              <value>
                <![CDATA[103405]]>
              </value>
            </param>
          </params>
          <reporter-output>
          </reporter-output>
        </test-method> <!-- VeridyTheIdByImage -->
        <test-method signature="testNoImageFound(java.lang.Integer)[pri:0, instance:v2.Get.api.MeasurementImagebyID@5a5a729f]" started-at="2023-08-24T11:41:27 IST" name="testNoImageFound" finished-at="2023-08-24T11:41:29 IST" duration-ms="1399" status="PASS">
          <params>
            <param index="0">
              <value>
                <![CDATA[123]]>
              </value>
            </param>
          </params>
          <reporter-output>
          </reporter-output>
        </test-method> <!-- testNoImageFound -->
      </class> <!-- v2.Get.api.MeasurementImagebyID -->
      <class name="v3.Get.api.MeasurementImagebyID">
        <test-method signature="Unauthorized(java.lang.Integer)[pri:0, instance:v3.Get.api.MeasurementImagebyID@7792d851]" started-at="2023-08-24T11:41:29 IST" name="Unauthorized" finished-at="2023-08-24T11:41:30 IST" duration-ms="1574" status="PASS">
          <params>
            <param index="0">
              <value>
                <![CDATA[123]]>
              </value>
            </param>
          </params>
          <reporter-output>
          </reporter-output>
        </test-method> <!-- Unauthorized -->
        <test-method signature="VeridyTheIdByImage(java.lang.Integer)[pri:0, instance:v3.Get.api.MeasurementImagebyID@7792d851]" started-at="2023-08-24T11:41:30 IST" name="VeridyTheIdByImage" finished-at="2023-08-24T11:41:34 IST" duration-ms="3923" status="PASS">
          <params>
            <param index="0">
              <value>
                <![CDATA[103405]]>
              </value>
            </param>
          </params>
          <reporter-output>
          </reporter-output>
        </test-method> <!-- VeridyTheIdByImage -->
        <test-method signature="testNoImageFound(java.lang.Integer)[pri:0, instance:v3.Get.api.MeasurementImagebyID@7792d851]" started-at="2023-08-24T11:41:34 IST" name="testNoImageFound" finished-at="2023-08-24T11:41:36 IST" duration-ms="1481" status="PASS">
          <params>
            <param index="0">
              <value>
                <![CDATA[123]]>
              </value>
            </param>
          </params>
          <reporter-output>
          </reporter-output>
        </test-method> <!-- testNoImageFound -->
      </class> <!-- v3.Get.api.MeasurementImagebyID -->
    </test> <!-- Regression -->
  </suite> <!-- WebServiceTesting -->
</testng-results>
