<?xml version="1.0" encoding="UTF-8"?>
<testng-results ignored="0" total="22" passed="22" failed="0" skipped="0">
  <reporter-output>
  </reporter-output>
  <suite started-at="2023-08-16T16:20:27 IST" name="Suite" finished-at="2023-08-16T16:23:03 IST" duration-ms="155898">
    <groups>
    </groups>
    <test started-at="2023-08-16T16:20:27 IST" name="Test" finished-at="2023-08-16T16:23:03 IST" duration-ms="155898">
      <class name="v2.Get.api.GetMeasurementDataById">
        <test-method signature="assertTheExteranlJsonToResponseBodyAndStatusCode()[pri:1, instance:v2.Get.api.GetMeasurementDataById@62c72501]" started-at="2023-08-16T16:21:51 IST" name="assertTheExteranlJsonToResponseBodyAndStatusCode" finished-at="2023-08-16T16:22:07 IST" duration-ms="16266" status="PASS">
          <reporter-output>
          </reporter-output>
        </test-method> <!-- assertTheExteranlJsonToResponseBodyAndStatusCode -->
        <test-method signature="unauthorizedWithMultipeScenarious()[pri:2, instance:v2.Get.api.GetMeasurementDataById@62c72501]" started-at="2023-08-16T16:22:07 IST" name="unauthorizedWithMultipeScenarious" finished-at="2023-08-16T16:22:10 IST" duration-ms="2824" status="PASS">
          <reporter-output>
          </reporter-output>
        </test-method> <!-- unauthorizedWithMultipeScenarious -->
        <test-method signature="badRequestWithMultipeScenarious()[pri:3, instance:v2.Get.api.GetMeasurementDataById@62c72501]" started-at="2023-08-16T16:22:10 IST" name="badRequestWithMultipeScenarious" finished-at="2023-08-16T16:22:13 IST" duration-ms="3074" status="PASS">
          <reporter-output>
          </reporter-output>
        </test-method> <!-- badRequestWithMultipeScenarious -->
      </class> <!-- v2.Get.api.GetMeasurementDataById -->
      <class name="v1.Get.api.GetMeasurementDataById">
        <test-method signature="assertTheExteranlJsonToResponseBodyAndStatusCode()[pri:1, instance:v1.Get.api.GetMeasurementDataById@c889805]" started-at="2023-08-16T16:22:13 IST" name="assertTheExteranlJsonToResponseBodyAndStatusCode" finished-at="2023-08-16T16:22:30 IST" duration-ms="17197" status="PASS">
          <reporter-output>
          </reporter-output>
        </test-method> <!-- assertTheExteranlJsonToResponseBodyAndStatusCode -->
        <test-method signature="unauthorizedWithMultipeScenarious()[pri:2, instance:v1.Get.api.GetMeasurementDataById@c889805]" started-at="2023-08-16T16:22:30 IST" name="unauthorizedWithMultipeScenarious" finished-at="2023-08-16T16:22:33 IST" duration-ms="3018" status="PASS">
          <reporter-output>
          </reporter-output>
        </test-method> <!-- unauthorizedWithMultipeScenarious -->
        <test-method signature="badRequestWithMultipeScenarious()[pri:3, instance:v1.Get.api.GetMeasurementDataById@c889805]" started-at="2023-08-16T16:22:33 IST" name="badRequestWithMultipeScenarious" finished-at="2023-08-16T16:22:36 IST" duration-ms="3124" status="PASS">
          <reporter-output>
          </reporter-output>
        </test-method> <!-- badRequestWithMultipeScenarious -->
      </class> <!-- v1.Get.api.GetMeasurementDataById -->
      <class name="v3.Get.api.GetMeasurementDataBySku">
        <test-method signature="assertTheExteranlJsonToResponseBodyAndStatusCode()[pri:1, instance:v3.Get.api.GetMeasurementDataBySku@1290ed28]" started-at="2023-08-16T16:20:27 IST" name="assertTheExteranlJsonToResponseBodyAndStatusCode" finished-at="2023-08-16T16:20:41 IST" duration-ms="13695" status="PASS">
          <reporter-output>
          </reporter-output>
        </test-method> <!-- assertTheExteranlJsonToResponseBodyAndStatusCode -->
        <test-method signature="verifystandardFormate()[pri:2, instance:v3.Get.api.GetMeasurementDataBySku@1290ed28]" started-at="2023-08-16T16:20:41 IST" name="verifystandardFormate" finished-at="2023-08-16T16:20:53 IST" duration-ms="12857" status="PASS">
          <reporter-output>
          </reporter-output>
        </test-method> <!-- verifystandardFormate -->
        <test-method signature="verifylegacyFormate()[pri:3, instance:v3.Get.api.GetMeasurementDataBySku@1290ed28]" started-at="2023-08-16T16:20:53 IST" name="verifylegacyFormate" finished-at="2023-08-16T16:21:07 IST" duration-ms="13721" status="PASS">
          <reporter-output>
          </reporter-output>
        </test-method> <!-- verifylegacyFormate -->
        <test-method signature="unauthorizedWithMultipeScenarious()[pri:4, instance:v3.Get.api.GetMeasurementDataBySku@1290ed28]" started-at="2023-08-16T16:21:07 IST" name="unauthorizedWithMultipeScenarious" finished-at="2023-08-16T16:21:10 IST" duration-ms="2648" status="PASS">
          <reporter-output>
          </reporter-output>
        </test-method> <!-- unauthorizedWithMultipeScenarious -->
        <test-method signature="badRequestWithMultipeScenarious()[pri:5, instance:v3.Get.api.GetMeasurementDataBySku@1290ed28]" started-at="2023-08-16T16:21:10 IST" name="badRequestWithMultipeScenarious" finished-at="2023-08-16T16:21:13 IST" duration-ms="2860" status="PASS">
          <reporter-output>
          </reporter-output>
        </test-method> <!-- badRequestWithMultipeScenarious -->
      </class> <!-- v3.Get.api.GetMeasurementDataBySku -->
      <class name="v1.Get.api.GetMeasurementDataBySku">
        <test-method signature="assertTheExteranlJsonToResponseBodyAndStatusCode()[pri:1, instance:v1.Get.api.GetMeasurementDataBySku@39c85c1a]" started-at="2023-08-16T16:21:13 IST" name="assertTheExteranlJsonToResponseBodyAndStatusCode" finished-at="2023-08-16T16:21:26 IST" duration-ms="13331" status="PASS">
          <reporter-output>
          </reporter-output>
        </test-method> <!-- assertTheExteranlJsonToResponseBodyAndStatusCode -->
        <test-method signature="unauthorizedWithMultipeScenarious()[pri:2, instance:v1.Get.api.GetMeasurementDataBySku@39c85c1a]" started-at="2023-08-16T16:21:26 IST" name="unauthorizedWithMultipeScenarious" finished-at="2023-08-16T16:21:29 IST" duration-ms="2953" status="PASS">
          <reporter-output>
          </reporter-output>
        </test-method> <!-- unauthorizedWithMultipeScenarious -->
        <test-method signature="badRequestWithMultipeScenarious()[pri:3, instance:v1.Get.api.GetMeasurementDataBySku@39c85c1a]" started-at="2023-08-16T16:21:29 IST" name="badRequestWithMultipeScenarious" finished-at="2023-08-16T16:21:32 IST" duration-ms="2974" status="PASS">
          <reporter-output>
          </reporter-output>
        </test-method> <!-- badRequestWithMultipeScenarious -->
      </class> <!-- v1.Get.api.GetMeasurementDataBySku -->
      <class name="v2.Get.api.GetMeasurementDataBySku">
        <test-method signature="assertTheExteranlJsonToResponseBodyAndStatusCode()[pri:0, instance:v2.Get.api.GetMeasurementDataBySku@2b148329]" started-at="2023-08-16T16:21:32 IST" name="assertTheExteranlJsonToResponseBodyAndStatusCode" finished-at="2023-08-16T16:21:45 IST" duration-ms="13104" status="PASS">
          <reporter-output>
          </reporter-output>
        </test-method> <!-- assertTheExteranlJsonToResponseBodyAndStatusCode -->
        <test-method signature="unauthorizedWithMultipeScenarious()[pri:2, instance:v2.Get.api.GetMeasurementDataBySku@2b148329]" started-at="2023-08-16T16:21:45 IST" name="unauthorizedWithMultipeScenarious" finished-at="2023-08-16T16:21:48 IST" duration-ms="2805" status="PASS">
          <reporter-output>
          </reporter-output>
        </test-method> <!-- unauthorizedWithMultipeScenarious -->
        <test-method signature="badRequestWithMultipeScenarious()[pri:3, instance:v2.Get.api.GetMeasurementDataBySku@2b148329]" started-at="2023-08-16T16:21:48 IST" name="badRequestWithMultipeScenarious" finished-at="2023-08-16T16:21:51 IST" duration-ms="2868" status="PASS">
          <reporter-output>
          </reporter-output>
        </test-method> <!-- badRequestWithMultipeScenarious -->
      </class> <!-- v2.Get.api.GetMeasurementDataBySku -->
      <class name="v3.Get.api.GetMeasurementDataById">
        <test-method signature="verifyStandardFormate()[pri:0, instance:v3.Get.api.GetMeasurementDataById@3fc7c734]" started-at="2023-08-16T16:22:36 IST" name="verifyStandardFormate" finished-at="2023-08-16T16:22:39 IST" duration-ms="2888" status="PASS">
          <reporter-output>
          </reporter-output>
        </test-method> <!-- verifyStandardFormate -->
        <test-method signature="verifylegacyFormate()[pri:0, instance:v3.Get.api.GetMeasurementDataById@3fc7c734]" started-at="2023-08-16T16:22:39 IST" name="verifylegacyFormate" finished-at="2023-08-16T16:22:42 IST" duration-ms="3089" status="PASS">
          <reporter-output>
          </reporter-output>
        </test-method> <!-- verifylegacyFormate -->
        <test-method signature="assertTheExteranlJsonToResponseBodyAndStatusCode()[pri:1, instance:v3.Get.api.GetMeasurementDataById@3fc7c734]" started-at="2023-08-16T16:22:42 IST" name="assertTheExteranlJsonToResponseBodyAndStatusCode" finished-at="2023-08-16T16:22:58 IST" duration-ms="16148" status="PASS">
          <reporter-output>
          </reporter-output>
        </test-method> <!-- assertTheExteranlJsonToResponseBodyAndStatusCode -->
        <test-method signature="unauthorizedWithMultipeScenarious()[pri:2, instance:v3.Get.api.GetMeasurementDataById@3fc7c734]" started-at="2023-08-16T16:22:58 IST" name="unauthorizedWithMultipeScenarious" finished-at="2023-08-16T16:23:00 IST" duration-ms="1527" status="PASS">
          <reporter-output>
          </reporter-output>
        </test-method> <!-- unauthorizedWithMultipeScenarious -->
        <test-method signature="badRequestWithMultipeScenarious()[pri:3, instance:v3.Get.api.GetMeasurementDataById@3fc7c734]" started-at="2023-08-16T16:23:00 IST" name="badRequestWithMultipeScenarious" finished-at="2023-08-16T16:23:03 IST" duration-ms="2871" status="PASS">
          <reporter-output>
          </reporter-output>
        </test-method> <!-- badRequestWithMultipeScenarious -->
      </class> <!-- v3.Get.api.GetMeasurementDataById -->
    </test> <!-- Test -->
  </suite> <!-- Suite -->
</testng-results>
