<?xml version="1.0" encoding="UTF-8"?>
<testng-results ignored="0" total="3" passed="3" failed="0" skipped="0">
  <reporter-output>
  </reporter-output>
  <suite started-at="2023-08-24T18:01:42 IST" name="Default suite" finished-at="2023-08-24T18:01:49 IST" duration-ms="6685">
    <groups>
    </groups>
    <test started-at="2023-08-24T18:01:42 IST" name="Default test" finished-at="2023-08-24T18:01:49 IST" duration-ms="6685">
      <class name="v3.Get.api.ListMeasurementIDandDates">
        <test-method signature="Notfound()[pri:0, instance:v3.Get.api.ListMeasurementIDandDates@f557c37]" started-at="2023-08-24T18:01:42 IST" name="Notfound" finished-at="2023-08-24T18:01:45 IST" duration-ms="2231" status="PASS">
          <reporter-output>
          </reporter-output>
        </test-method> <!-- Notfound -->
        <test-method signature="Unauthorized()[pri:0, instance:v3.Get.api.ListMeasurementIDandDates@f557c37]" started-at="2023-08-24T18:01:45 IST" name="Unauthorized" finished-at="2023-08-24T18:01:46 IST" duration-ms="1535" status="PASS">
          <reporter-output>
          </reporter-output>
        </test-method> <!-- Unauthorized -->
        <test-method signature="testScanIdListEndpoint()[pri:0, instance:v3.Get.api.ListMeasurementIDandDates@f557c37]" started-at="2023-08-24T18:01:46 IST" name="testScanIdListEndpoint" finished-at="2023-08-24T18:01:49 IST" duration-ms="2878" status="PASS">
          <reporter-output>
          </reporter-output>
        </test-method> <!-- testScanIdListEndpoint -->
      </class> <!-- v3.Get.api.ListMeasurementIDandDates -->
    </test> <!-- Default test -->
  </suite> <!-- Default suite -->
</testng-results>
